#
# There is insufficient memory for the Java Runtime Environment to continue.
# Native memory allocation (mmap) failed to map 28311552 bytes for Failed to commit area from 0x0000000088000000 to 0x0000000089b00000 of length 28311552.
# Possible reasons:
#   The system is out of physical RAM or swap space
#   The process is running with CompressedOops enabled, and the Java Heap may be blocking the growth of the native heap
# Possible solutions:
#   Reduce memory load on the system
#   Increase physical memory or swap space
#   Check if swap backing store is full
#   Decrease Java heap size (-Xmx/-Xms)
#   Decrease number of Java threads
#   Decrease Java thread stack sizes (-Xss)
#   Set larger code cache with -XX:ReservedCodeCacheSize=
#   JVM is running with Unscaled Compressed Oops mode in which the Java heap is
#     placed in the first 4GB address space. The Java Heap base address is the
#     maximum limit for the native heap growth. Please use -XX:HeapBaseMinAddress
#     to set the Java Heap base and to place the Java Heap above 4GB virtual address.
# This output file may be truncated or incomplete.
#
#  Out of Memory Error (./open/src/hotspot/os/windows/os_windows.cpp:3276), pid=10860, tid=6452
#
# JRE version: Java(TM) SE Runtime Environment 18.9 (11.0.13+10) (build 11.0.13+10-LTS-370)
# Java VM: Java HotSpot(TM) 64-Bit Server VM 18.9 (11.0.13+10-LTS-370, mixed mode, tiered, compressed oops, g1 gc, windows-amd64)
# No core dump will be written. Minidumps are not enabled by default on client versions of Windows
#

---------------  S U M M A R Y ------------

Command Line: -Dcom.sun.management.jmxremote -Dcom.sun.management.jmxremote.port=59630 -Dcom.sun.management.jmxremote.authenticate=false -Dcom.sun.management.jmxremote.ssl=false -Djava.rmi.server.hostname=localhost -Dspring.jmx.enabled=true -Dspring.application.admin.enabled=true -XX:TieredStopAtLevel=1 -Dspring.boot.project.name=demomq -Dfile.encoding=UTF-8 com.demo.DemomqApplication --spring.output.ansi.enabled=always

Host: Intel(R) Xeon(R) Platinum 8272CL CPU @ 2.60GHz, 2 cores, 7G,  Windows 10 , 64 bit Build 19041 (10.0.19041.1706)
Time: Fri Jun  3 04:31:42 2022 Coordinated Universal Time elapsed time: 1.860001 seconds (0d 0h 0m 1s)

---------------  T H R E A D  ---------------

Current thread (0x000001815469f000):  VMThread "VM Thread" [stack: 0x0000006c96800000,0x0000006c96900000] [id=6452]

Stack: [0x0000006c96800000,0x0000006c96900000]
[error occurred during error reporting (printing stack bounds), id 0xc0000005, EXCEPTION_ACCESS_VIOLATION (0xc0000005) at pc=0x000001813e9010e7]

Native frames: (J=compiled Java code, j=interpreted, Vv=VM code, C=native code)
V  [jvm.dll+0x62870a]
V  [jvm.dll+0x761f2f]
V  [jvm.dll+0x7635d9]
V  [jvm.dll+0x763bc5]
V  [jvm.dll+0x763b7b]
V  [jvm.dll+0x627c53]
V  [jvm.dll+0x628308]
C  [ntdll.dll+0xa209f]
C  [ntdll.dll+0x51454]
C  [ntdll.dll+0xa0bce]
C  0x000001813e9010e7

VM_Operation (0x0000006c97afb7d0): CollectForMetadataAllocation, mode: safepoint, requested by thread 0x00000181559ea800


---------------  P R O C E S S  ---------------

Threads class SMR info:
_java_thread_list=0x0000018155aee100, length=17, elements={
0x00000181372cf000, 0x00000181546a1800, 0x00000181546ac800, 0x00000181546c1000,
0x00000181546c6000, 0x00000181546c7000, 0x00000181546c9800, 0x00000181546d1000,
0x0000018154645800, 0x0000018155534800, 0x0000018155535000, 0x0000018155551000,
0x00000181558cb000, 0x00000181558e3800, 0x00000181558e9000, 0x0000018155964800,
0x00000181559ea800
}

Java Threads: ( => current thread )
  0x00000181372cf000 JavaThread "main" [_thread_blocked, id=12848, stack(0x0000006c96200000,0x0000006c96300000)]
  0x00000181546a1800 JavaThread "Reference Handler" daemon [_thread_blocked, id=13080, stack(0x0000006c96900000,0x0000006c96a00000)]
  0x00000181546ac800 JavaThread "Finalizer" daemon [_thread_blocked, id=8900, stack(0x0000006c96a00000,0x0000006c96b00000)]
  0x00000181546c1000 JavaThread "Signal Dispatcher" daemon [_thread_blocked, id=6512, stack(0x0000006c96b00000,0x0000006c96c00000)]
  0x00000181546c6000 JavaThread "Attach Listener" daemon [_thread_blocked, id=2036, stack(0x0000006c96c00000,0x0000006c96d00000)]
  0x00000181546c7000 JavaThread "Service Thread" daemon [_thread_blocked, id=11608, stack(0x0000006c96d00000,0x0000006c96e00000)]
  0x00000181546c9800 JavaThread "C1 CompilerThread0" daemon [_thread_blocked, id=13168, stack(0x0000006c96e00000,0x0000006c96f00000)]
  0x00000181546d1000 JavaThread "Sweeper thread" daemon [_thread_blocked, id=12740, stack(0x0000006c96f00000,0x0000006c97000000)]
  0x0000018154645800 JavaThread "Common-Cleaner" daemon [_thread_blocked, id=12652, stack(0x0000006c97000000,0x0000006c97100000)]
  0x0000018155534800 JavaThread "RMI TCP Accept-0" daemon [_thread_in_native, id=13176, stack(0x0000006c97200000,0x0000006c97300000)]
  0x0000018155535000 JavaThread "RMI TCP Accept-59630" daemon [_thread_in_native, id=6892, stack(0x0000006c97300000,0x0000006c97400000)]
  0x0000018155551000 JavaThread "RMI TCP Accept-0" daemon [_thread_in_native, id=7136, stack(0x0000006c97400000,0x0000006c97500000)]
  0x00000181558cb000 JavaThread "RMI TCP Connection(1)-127.0.0.1" daemon [_thread_in_native, id=5848, stack(0x0000006c97600000,0x0000006c97700000)]
  0x00000181558e3800 JavaThread "RMI TCP Connection(2)-127.0.0.1" daemon [_thread_in_native, id=7256, stack(0x0000006c97700000,0x0000006c97800000)]
  0x00000181558e9000 JavaThread "RMI Scheduler(0)" daemon [_thread_blocked, id=2832, stack(0x0000006c97800000,0x0000006c97900000)]
  0x0000018155964800 JavaThread "JMX server connection timeout 18" daemon [_thread_blocked, id=6804, stack(0x0000006c97900000,0x0000006c97a00000)]
  0x00000181559ea800 JavaThread "background-preinit" [_thread_blocked, id=6444, stack(0x0000006c97a00000,0x0000006c97b00000)]

Other Threads:
=>0x000001815469f000 VMThread "VM Thread" [stack: 0x0000006c96800000,0x0000006c96900000] [id=6452]
  0x000001815559a000 WatcherThread [stack: 0x0000006c97500000,0x0000006c97600000] [id=4864]
  0x00000181372e4000 GCTaskThread "GC Thread#0" [stack: 0x0000006c96300000,0x0000006c96400000] [id=8768]
  0x00000181554e9000 GCTaskThread "GC Thread#1" [stack: 0x0000006c97100000,0x0000006c97200000] [id=2356]
  0x0000018137314000 ConcurrentGCThread "G1 Main Marker" [stack: 0x0000006c96400000,0x0000006c96500000] [id=9012]
  0x000001813731a000 ConcurrentGCThread "G1 Conc#0" [stack: 0x0000006c96500000,0x0000006c96600000] [id=12812]
  0x00000181373a1000 ConcurrentGCThread "G1 Refine#0" [stack: 0x0000006c96600000,0x0000006c96700000] [id=10632]
  0x00000181373a2800 ConcurrentGCThread "G1 Young RemSet Sampling" [stack: 0x0000006c96700000,0x0000006c96800000] [id=2076]

Threads with active compile tasks:

VM state:at safepoint (normal execution)

VM Mutex/Monitor currently owned by a thread:  ([mutex/lock_event])
[0x00000181372cc7d0] Threads_lock - owner thread: 0x000001815469f000
[0x00000181372cc8f0] Heap_lock - owner thread: 0x00000181559ea800

Heap address: 0x0000000080000000, size: 2048 MB, Compressed Oops mode: 32-bit
Narrow klass base: 0x0000000000000000, Narrow klass shift: 3
Compressed class space size: 1073741824 Address: 0x0000000100000000

Heap:
 garbage-first heap   total 158720K, used 6911K [0x0000000080000000, 0x0000000100000000)
  region size 1024K, 2 young (2048K), 2 survivors (2048K)
 Metaspace       used 20498K, capacity 21142K, committed 21248K, reserved 1067008K
  class space    used 2462K, capacity 2762K, committed 2816K, reserved 1048576K
Heap Regions: E=young(eden), S=young(survivor), O=old, HS=humongous(starts), HC=humongous(continues), CS=collection set, F=free, A=archive, TAMS=top-at-mark-start (previous, next)
|   0|0x0000000080000000, 0x0000000080100000, 0x0000000080100000|100%| O|  |TAMS 0x0000000080000000, 0x0000000080100000| Untracked 
|   1|0x0000000080100000, 0x0000000080200000, 0x0000000080200000|100%| O|  |TAMS 0x0000000080100000, 0x0000000080200000| Untracked 
|   2|0x0000000080200000, 0x0000000080300000, 0x0000000080300000|100%| O|  |TAMS 0x0000000080200000, 0x0000000080300000| Untracked 
|   3|0x0000000080300000, 0x0000000080400000, 0x0000000080400000|100%| O|  |TAMS 0x0000000080300000, 0x0000000080400000| Untracked 
|   4|0x0000000080400000, 0x0000000080500000, 0x0000000080500000|100%| O|  |TAMS 0x0000000080400000, 0x0000000080500000| Untracked 
|   5|0x0000000080500000, 0x0000000080520000, 0x0000000080600000| 12%| O|  |TAMS 0x0000000080500000, 0x0000000080520000| Untracked 
|   6|0x0000000080600000, 0x0000000080600000, 0x0000000080700000|  0%| F|  |TAMS 0x0000000080600000, 0x0000000080600000| Untracked 
|   7|0x0000000080700000, 0x0000000080700000, 0x0000000080800000|  0%| F|  |TAMS 0x0000000080700000, 0x0000000080700000| Untracked 
|   8|0x0000000080800000, 0x0000000080800000, 0x0000000080900000|  0%| F|  |TAMS 0x0000000080800000, 0x0000000080800000| Untracked 
|   9|0x0000000080900000, 0x0000000080900000, 0x0000000080a00000|  0%| F|  |TAMS 0x0000000080900000, 0x0000000080900000| Untracked 
|  10|0x0000000080a00000, 0x0000000080a00000, 0x0000000080b00000|  0%| F|  |TAMS 0x0000000080a00000, 0x0000000080a00000| Untracked 
|  11|0x0000000080b00000, 0x0000000080b00000, 0x0000000080c00000|  0%| F|  |TAMS 0x0000000080b00000, 0x0000000080b00000| Untracked 
|  12|0x0000000080c00000, 0x0000000080c00000, 0x0000000080d00000|  0%| F|  |TAMS 0x0000000080c00000, 0x0000000080c00000| Untracked 
|  13|0x0000000080d00000, 0x0000000080d00000, 0x0000000080e00000|  0%| F|  |TAMS 0x0000000080d00000, 0x0000000080d00000| Untracked 
|  14|0x0000000080e00000, 0x0000000080e00000, 0x0000000080f00000|  0%| F|  |TAMS 0x0000000080e00000, 0x0000000080e00000| Untracked 
|  15|0x0000000080f00000, 0x0000000080f00000, 0x0000000081000000|  0%| F|  |TAMS 0x0000000080f00000, 0x0000000080f00000| Untracked 
|  16|0x0000000081000000, 0x0000000081000000, 0x0000000081100000|  0%| F|  |TAMS 0x0000000081000000, 0x0000000081000000| Untracked 
|  17|0x0000000081100000, 0x0000000081100000, 0x0000000081200000|  0%| F|  |TAMS 0x0000000081100000, 0x0000000081100000| Untracked 
|  18|0x0000000081200000, 0x0000000081200000, 0x0000000081300000|  0%| F|  |TAMS 0x0000000081200000, 0x0000000081200000| Untracked 
|  19|0x0000000081300000, 0x0000000081300000, 0x0000000081400000|  0%| F|  |TAMS 0x0000000081300000, 0x0000000081300000| Untracked 
|  20|0x0000000081400000, 0x0000000081400000, 0x0000000081500000|  0%| F|  |TAMS 0x0000000081400000, 0x0000000081400000| Untracked 
|  21|0x0000000081500000, 0x0000000081500000, 0x0000000081600000|  0%| F|  |TAMS 0x0000000081500000, 0x0000000081500000| Untracked 
|  22|0x0000000081600000, 0x0000000081600000, 0x0000000081700000|  0%| F|  |TAMS 0x0000000081600000, 0x0000000081600000| Untracked 
|  23|0x0000000081700000, 0x0000000081700000, 0x0000000081800000|  0%| F|  |TAMS 0x0000000081700000, 0x0000000081700000| Untracked 
|  24|0x0000000081800000, 0x0000000081800000, 0x0000000081900000|  0%| F|  |TAMS 0x0000000081800000, 0x0000000081800000| Untracked 
|  25|0x0000000081900000, 0x0000000081900000, 0x0000000081a00000|  0%| F|  |TAMS 0x0000000081900000, 0x0000000081900000| Untracked 
|  26|0x0000000081a00000, 0x0000000081a00000, 0x0000000081b00000|  0%| F|  |TAMS 0x0000000081a00000, 0x0000000081a00000| Untracked 
|  27|0x0000000081b00000, 0x0000000081b00000, 0x0000000081c00000|  0%| F|  |TAMS 0x0000000081b00000, 0x0000000081b00000| Untracked 
|  28|0x0000000081c00000, 0x0000000081c00000, 0x0000000081d00000|  0%| F|  |TAMS 0x0000000081c00000, 0x0000000081c00000| Untracked 
|  29|0x0000000081d00000, 0x0000000081d00000, 0x0000000081e00000|  0%| F|  |TAMS 0x0000000081d00000, 0x0000000081d00000| Untracked 
|  30|0x0000000081e00000, 0x0000000081e00000, 0x0000000081f00000|  0%| F|  |TAMS 0x0000000081e00000, 0x0000000081e00000| Untracked 
|  31|0x0000000081f00000, 0x0000000081f00000, 0x0000000082000000|  0%| F|  |TAMS 0x0000000081f00000, 0x0000000081f00000| Untracked 
|  32|0x0000000082000000, 0x0000000082000000, 0x0000000082100000|  0%| F|  |TAMS 0x0000000082000000, 0x0000000082000000| Untracked 
|  33|0x0000000082100000, 0x0000000082100000, 0x0000000082200000|  0%| F|  |TAMS 0x0000000082100000, 0x0000000082100000| Untracked 
|  34|0x0000000082200000, 0x0000000082200000, 0x0000000082300000|  0%| F|  |TAMS 0x0000000082200000, 0x0000000082200000| Untracked 
|  35|0x0000000082300000, 0x0000000082300000, 0x0000000082400000|  0%| F|  |TAMS 0x0000000082300000, 0x0000000082300000| Untracked 
|  36|0x0000000082400000, 0x0000000082400000, 0x0000000082500000|  0%| F|  |TAMS 0x0000000082400000, 0x0000000082400000| Untracked 
|  37|0x0000000082500000, 0x0000000082500000, 0x0000000082600000|  0%| F|  |TAMS 0x0000000082500000, 0x0000000082500000| Untracked 
|  38|0x0000000082600000, 0x0000000082600000, 0x0000000082700000|  0%| F|  |TAMS 0x0000000082600000, 0x0000000082600000| Untracked 
|  39|0x0000000082700000, 0x0000000082700000, 0x0000000082800000|  0%| F|  |TAMS 0x0000000082700000, 0x0000000082700000| Untracked 
|  40|0x0000000082800000, 0x0000000082800000, 0x0000000082900000|  0%| F|  |TAMS 0x0000000082800000, 0x0000000082800000| Untracked 
|  41|0x0000000082900000, 0x0000000082900000, 0x0000000082a00000|  0%| F|  |TAMS 0x0000000082900000, 0x0000000082900000| Untracked 
|  42|0x0000000082a00000, 0x0000000082a00000, 0x0000000082b00000|  0%| F|  |TAMS 0x0000000082a00000, 0x0000000082a00000| Untracked 
|  43|0x0000000082b00000, 0x0000000082b00000, 0x0000000082c00000|  0%| F|  |TAMS 0x0000000082b00000, 0x0000000082b00000| Untracked 
|  44|0x0000000082c00000, 0x0000000082c00000, 0x0000000082d00000|  0%| F|  |TAMS 0x0000000082c00000, 0x0000000082c00000| Untracked 
|  45|0x0000000082d00000, 0x0000000082d00000, 0x0000000082e00000|  0%| F|  |TAMS 0x0000000082d00000, 0x0000000082d00000| Untracked 
|  46|0x0000000082e00000, 0x0000000082e00000, 0x0000000082f00000|  0%| F|  |TAMS 0x0000000082e00000, 0x0000000082e00000| Untracked 
|  47|0x0000000082f00000, 0x0000000082f00000, 0x0000000083000000|  0%| F|  |TAMS 0x0000000082f00000, 0x0000000082f00000| Untracked 
|  48|0x0000000083000000, 0x0000000083000000, 0x0000000083100000|  0%| F|  |TAMS 0x0000000083000000, 0x0000000083000000| Untracked 
|  49|0x0000000083100000, 0x0000000083100000, 0x0000000083200000|  0%| F|  |TAMS 0x0000000083100000, 0x0000000083100000| Untracked 
|  50|0x0000000083200000, 0x0000000083200000, 0x0000000083300000|  0%| F|  |TAMS 0x0000000083200000, 0x0000000083200000| Untracked 
|  51|0x0000000083300000, 0x0000000083300000, 0x0000000083400000|  0%| F|  |TAMS 0x0000000083300000, 0x0000000083300000| Untracked 
|  52|0x0000000083400000, 0x0000000083400000, 0x0000000083500000|  0%| F|  |TAMS 0x0000000083400000, 0x0000000083400000| Untracked 
|  53|0x0000000083500000, 0x0000000083500000, 0x0000000083600000|  0%| F|  |TAMS 0x0000000083500000, 0x0000000083500000| Untracked 
|  54|0x0000000083600000, 0x0000000083600000, 0x0000000083700000|  0%| F|  |TAMS 0x0000000083600000, 0x0000000083600000| Untracked 
|  55|0x0000000083700000, 0x0000000083700000, 0x0000000083800000|  0%| F|  |TAMS 0x0000000083700000, 0x0000000083700000| Untracked 
|  56|0x0000000083800000, 0x0000000083800000, 0x0000000083900000|  0%| F|  |TAMS 0x0000000083800000, 0x0000000083800000| Untracked 
|  57|0x0000000083900000, 0x0000000083900000, 0x0000000083a00000|  0%| F|  |TAMS 0x0000000083900000, 0x0000000083900000| Untracked 
|  58|0x0000000083a00000, 0x0000000083a00000, 0x0000000083b00000|  0%| F|  |TAMS 0x0000000083a00000, 0x0000000083a00000| Untracked 
|  59|0x0000000083b00000, 0x0000000083b00000, 0x0000000083c00000|  0%| F|  |TAMS 0x0000000083b00000, 0x0000000083b00000| Untracked 
|  60|0x0000000083c00000, 0x0000000083c00000, 0x0000000083d00000|  0%| F|  |TAMS 0x0000000083c00000, 0x0000000083c00000| Untracked 
|  61|0x0000000083d00000, 0x0000000083d00000, 0x0000000083e00000|  0%| F|  |TAMS 0x0000000083d00000, 0x0000000083d00000| Untracked 
|  62|0x0000000083e00000, 0x0000000083e00000, 0x0000000083f00000|  0%| F|  |TAMS 0x0000000083e00000, 0x0000000083e00000| Untracked 
|  63|0x0000000083f00000, 0x0000000083f00000, 0x0000000084000000|  0%| F|  |TAMS 0x0000000083f00000, 0x0000000083f00000| Untracked 
|  64|0x0000000084000000, 0x0000000084000000, 0x0000000084100000|  0%| F|  |TAMS 0x0000000084000000, 0x0000000084000000| Untracked 
|  65|0x0000000084100000, 0x0000000084100000, 0x0000000084200000|  0%| F|  |TAMS 0x0000000084100000, 0x0000000084100000| Untracked 
|  66|0x0000000084200000, 0x0000000084200000, 0x0000000084300000|  0%| F|  |TAMS 0x0000000084200000, 0x0000000084200000| Untracked 
|  67|0x0000000084300000, 0x0000000084300000, 0x0000000084400000|  0%| F|  |TAMS 0x0000000084300000, 0x0000000084300000| Untracked 
|  68|0x0000000084400000, 0x0000000084400000, 0x0000000084500000|  0%| F|  |TAMS 0x0000000084400000, 0x0000000084400000| Untracked 
|  69|0x0000000084500000, 0x0000000084500000, 0x0000000084600000|  0%| F|  |TAMS 0x0000000084500000, 0x0000000084500000| Untracked 
|  70|0x0000000084600000, 0x0000000084600000, 0x0000000084700000|  0%| F|  |TAMS 0x0000000084600000, 0x0000000084600000| Untracked 
|  71|0x0000000084700000, 0x0000000084700000, 0x0000000084800000|  0%| F|  |TAMS 0x0000000084700000, 0x0000000084700000| Untracked 
|  72|0x0000000084800000, 0x0000000084800000, 0x0000000084900000|  0%| F|  |TAMS 0x0000000084800000, 0x0000000084800000| Untracked 
|  73|0x0000000084900000, 0x0000000084900000, 0x0000000084a00000|  0%| F|  |TAMS 0x0000000084900000, 0x0000000084900000| Untracked 
|  74|0x0000000084a00000, 0x0000000084a00000, 0x0000000084b00000|  0%| F|  |TAMS 0x0000000084a00000, 0x0000000084a00000| Untracked 
|  75|0x0000000084b00000, 0x0000000084b00000, 0x0000000084c00000|  0%| F|  |TAMS 0x0000000084b00000, 0x0000000084b00000| Untracked 
|  76|0x0000000084c00000, 0x0000000084c00000, 0x0000000084d00000|  0%| F|  |TAMS 0x0000000084c00000, 0x0000000084c00000| Untracked 
|  77|0x0000000084d00000, 0x0000000084d00000, 0x0000000084e00000|  0%| F|  |TAMS 0x0000000084d00000, 0x0000000084d00000| Untracked 
|  78|0x0000000084e00000, 0x0000000084e00000, 0x0000000084f00000|  0%| F|  |TAMS 0x0000000084e00000, 0x0000000084e00000| Untracked 
|  79|0x0000000084f00000, 0x0000000084f00000, 0x0000000085000000|  0%| F|  |TAMS 0x0000000084f00000, 0x0000000084f00000| Untracked 
|  80|0x0000000085000000, 0x0000000085000000, 0x0000000085100000|  0%| F|  |TAMS 0x0000000085000000, 0x0000000085000000| Untracked 
|  81|0x0000000085100000, 0x0000000085100000, 0x0000000085200000|  0%| F|  |TAMS 0x0000000085100000, 0x0000000085100000| Untracked 
|  82|0x0000000085200000, 0x0000000085200000, 0x0000000085300000|  0%| F|  |TAMS 0x0000000085200000, 0x0000000085200000| Untracked 
|  83|0x0000000085300000, 0x0000000085300000, 0x0000000085400000|  0%| F|  |TAMS 0x0000000085300000, 0x0000000085300000| Untracked 
|  84|0x0000000085400000, 0x0000000085400000, 0x0000000085500000|  0%| F|  |TAMS 0x0000000085400000, 0x0000000085400000| Untracked 
|  85|0x0000000085500000, 0x0000000085500000, 0x0000000085600000|  0%| F|  |TAMS 0x0000000085500000, 0x0000000085500000| Untracked 
|  86|0x0000000085600000, 0x0000000085600000, 0x0000000085700000|  0%| F|  |TAMS 0x0000000085600000, 0x0000000085600000| Untracked 
|  87|0x0000000085700000, 0x0000000085700000, 0x0000000085800000|  0%| F|  |TAMS 0x0000000085700000, 0x0000000085700000| Untracked 
|  88|0x0000000085800000, 0x0000000085800000, 0x0000000085900000|  0%| F|  |TAMS 0x0000000085800000, 0x0000000085800000| Untracked 
|  89|0x0000000085900000, 0x0000000085900000, 0x0000000085a00000|  0%| F|  |TAMS 0x0000000085900000, 0x0000000085900000| Untracked 
|  90|0x0000000085a00000, 0x0000000085a00000, 0x0000000085b00000|  0%| F|  |TAMS 0x0000000085a00000, 0x0000000085a00000| Untracked 
|  91|0x0000000085b00000, 0x0000000085b00000, 0x0000000085c00000|  0%| F|  |TAMS 0x0000000085b00000, 0x0000000085b00000| Untracked 
|  92|0x0000000085c00000, 0x0000000085c00000, 0x0000000085d00000|  0%| F|  |TAMS 0x0000000085c00000, 0x0000000085c00000| Untracked 
|  93|0x0000000085d00000, 0x0000000085d00000, 0x0000000085e00000|  0%| F|  |TAMS 0x0000000085d00000, 0x0000000085d00000| Untracked 
|  94|0x0000000085e00000, 0x0000000085e00000, 0x0000000085f00000|  0%| F|  |TAMS 0x0000000085e00000, 0x0000000085e00000| Untracked 
|  95|0x0000000085f00000, 0x0000000085f00000, 0x0000000086000000|  0%| F|  |TAMS 0x0000000085f00000, 0x0000000085f00000| Untracked 
|  96|0x0000000086000000, 0x0000000086000000, 0x0000000086100000|  0%| F|  |TAMS 0x0000000086000000, 0x0000000086000000| Untracked 
|  97|0x0000000086100000, 0x0000000086100000, 0x0000000086200000|  0%| F|  |TAMS 0x0000000086100000, 0x0000000086100000| Untracked 
|  98|0x0000000086200000, 0x0000000086200000, 0x0000000086300000|  0%| F|  |TAMS 0x0000000086200000, 0x0000000086200000| Untracked 
|  99|0x0000000086300000, 0x0000000086300000, 0x0000000086400000|  0%| F|  |TAMS 0x0000000086300000, 0x0000000086300000| Untracked 
| 100|0x0000000086400000, 0x0000000086400000, 0x0000000086500000|  0%| F|  |TAMS 0x0000000086400000, 0x0000000086400000| Untracked 
| 101|0x0000000086500000, 0x0000000086500000, 0x0000000086600000|  0%| F|  |TAMS 0x0000000086500000, 0x0000000086500000| Untracked 
| 102|0x0000000086600000, 0x0000000086600000, 0x0000000086700000|  0%| F|  |TAMS 0x0000000086600000, 0x0000000086600000| Untracked 
| 103|0x0000000086700000, 0x0000000086700000, 0x0000000086800000|  0%| F|  |TAMS 0x0000000086700000, 0x0000000086700000| Untracked 
| 104|0x0000000086800000, 0x0000000086800000, 0x0000000086900000|  0%| F|  |TAMS 0x0000000086800000, 0x0000000086800000| Untracked 
| 105|0x0000000086900000, 0x0000000086900000, 0x0000000086a00000|  0%| F|  |TAMS 0x0000000086900000, 0x0000000086900000| Untracked 
| 106|0x0000000086a00000, 0x0000000086a00000, 0x0000000086b00000|  0%| F|  |TAMS 0x0000000086a00000, 0x0000000086a00000| Untracked 
| 107|0x0000000086b00000, 0x0000000086b00000, 0x0000000086c00000|  0%| F|  |TAMS 0x0000000086b00000, 0x0000000086b00000| Untracked 
| 108|0x0000000086c00000, 0x0000000086c00000, 0x0000000086d00000|  0%| F|  |TAMS 0x0000000086c00000, 0x0000000086c00000| Untracked 
| 109|0x0000000086d00000, 0x0000000086d9fea0, 0x0000000086e00000| 62%| S|CS|TAMS 0x0000000086d00000, 0x0000000086d00000| Complete 
| 110|0x0000000086e00000, 0x0000000086f00000, 0x0000000086f00000|100%| S|CS|TAMS 0x0000000086e00000, 0x0000000086e00000| Complete 
| 111|0x0000000086f00000, 0x0000000086f00000, 0x0000000087000000|  0%| F|  |TAMS 0x0000000086f00000, 0x0000000086f00000| Untracked 
| 112|0x0000000087000000, 0x0000000087000000, 0x0000000087100000|  0%| F|  |TAMS 0x0000000087000000, 0x0000000087000000| Untracked 
| 113|0x0000000087100000, 0x0000000087100000, 0x0000000087200000|  0%| F|  |TAMS 0x0000000087100000, 0x0000000087100000| Untracked 
| 114|0x0000000087200000, 0x0000000087200000, 0x0000000087300000|  0%| F|  |TAMS 0x0000000087200000, 0x0000000087200000| Untracked 
| 115|0x0000000087300000, 0x0000000087300000, 0x0000000087400000|  0%| F|  |TAMS 0x0000000087300000, 0x0000000087300000| Untracked 
| 116|0x0000000087400000, 0x0000000087400000, 0x0000000087500000|  0%| F|  |TAMS 0x0000000087400000, 0x0000000087400000| Untracked 
| 117|0x0000000087500000, 0x0000000087500000, 0x0000000087600000|  0%| F|  |TAMS 0x0000000087500000, 0x0000000087500000| Untracked 
| 118|0x0000000087600000, 0x0000000087600000, 0x0000000087700000|  0%| F|  |TAMS 0x0000000087600000, 0x0000000087600000| Untracked 
| 119|0x0000000087700000, 0x0000000087700000, 0x0000000087800000|  0%| F|  |TAMS 0x0000000087700000, 0x0000000087700000| Untracked 
| 120|0x0000000087800000, 0x0000000087800000, 0x0000000087900000|  0%| F|  |TAMS 0x0000000087800000, 0x0000000087800000| Untracked 
| 121|0x0000000087900000, 0x0000000087900000, 0x0000000087a00000|  0%| F|  |TAMS 0x0000000087900000, 0x0000000087900000| Untracked 
| 122|0x0000000087a00000, 0x0000000087a00000, 0x0000000087b00000|  0%| F|  |TAMS 0x0000000087a00000, 0x0000000087a00000| Untracked 
| 123|0x0000000087b00000, 0x0000000087b00000, 0x0000000087c00000|  0%| F|  |TAMS 0x0000000087b00000, 0x0000000087b00000| Untracked 
| 124|0x0000000087c00000, 0x0000000087c00000, 0x0000000087d00000|  0%| F|  |TAMS 0x0000000087c00000, 0x0000000087c00000| Untracked 
| 125|0x0000000087d00000, 0x0000000087d00000, 0x0000000087e00000|  0%| F|  |TAMS 0x0000000087d00000, 0x0000000087d00000| Untracked 
| 126|0x0000000087e00000, 0x0000000087e00000, 0x0000000087f00000|  0%| F|  |TAMS 0x0000000087e00000, 0x0000000087e00000| Untracked 
| 127|0x0000000087f00000, 0x0000000087f00000, 0x0000000088000000|  0%| F|  |TAMS 0x0000000087f00000, 0x0000000087f00000| Untracked 

Card table byte_map: [0x000001814dd00000,0x000001814e100000] _byte_map_base: 0x000001814d900000

Marking Bits (Prev, Next): (CMBitMap*) 0x000001813730b5a8, (CMBitMap*) 0x000001813730b5e0
 Prev Bits: [0x000001814e500000, 0x0000018150500000)
 Next Bits: [0x0000018150500000, 0x0000018152500000)

Polling page: 0x0000018136ab0000

Metaspace:

Usage:
  Non-class:     17.95 MB capacity,    17.61 MB ( 98%) used,   271.65 KB (  1%) free+waste,    73.06 KB ( <1%) overhead. 
      Class:      2.70 MB capacity,     2.41 MB ( 89%) used,   259.45 KB (  9%) free+waste,    39.63 KB (  1%) overhead. 
       Both:     20.65 MB capacity,    20.02 MB ( 97%) used,   531.10 KB (  3%) free+waste,   112.69 KB ( <1%) overhead. 

Virtual space:
  Non-class space:       18.00 MB reserved,      18.00 MB (100%) committed 
      Class space:        1.00 GB reserved,       2.75 MB ( <1%) committed 
             Both:        1.02 GB reserved,      20.75 MB (  2%) committed 

Chunk freelists:
   Non-Class:  6.50 KB
       Class:  2.75 KB
        Both:  9.25 KB

CodeHeap 'non-profiled nmethods': size=239488Kb used=2624Kb max_used=2624Kb free=236863Kb
 bounds [0x000001813ef20000, 0x000001813f1c0000, 0x000001814d900000]
CodeHeap 'non-nmethods': size=6272Kb used=1155Kb max_used=1155Kb free=5116Kb
 bounds [0x000001813e900000, 0x000001813eb70000, 0x000001813ef20000]
 total_blobs=2338 nmethods=1869 adapters=395
 compilation: enabled
              stopped_count=0, restarted_count=0
 full_count=0

Compilation events (10 events):
Event: 1.808 Thread 0x00000181546c9800 1863       1       jdk.internal.org.objectweb.asm.MethodWriter::startFrame (55 bytes)
Event: 1.809 Thread 0x00000181546c9800 nmethod 1863 0x000001813f1ad690 code [0x000001813f1ad840, 0x000001813f1ada98]
Event: 1.809 Thread 0x00000181546c9800 1864       1       jdk.internal.org.objectweb.asm.MethodWriter::endFrame (53 bytes)
Event: 1.809 Thread 0x00000181546c9800 nmethod 1864 0x000001813f1ade10 code [0x000001813f1adfc0, 0x000001813f1ae308]
Event: 1.809 Thread 0x00000181546c9800 1865       1       java.util.ArrayList::grow (18 bytes)
Event: 1.809 Thread 0x00000181546c9800 nmethod 1865 0x000001813f1ae410 code [0x000001813f1ae5c0, 0x000001813f1ae738]
Event: 1.810 Thread 0x00000181546c9800 1868   !   1       java.lang.invoke.MethodHandles$Lookup::canBeCached (150 bytes)
Event: 1.811 Thread 0x00000181546c9800 nmethod 1868 0x000001813f1aea10 code [0x000001813f1aec80, 0x000001813f1af4a8]
Event: 1.814 Thread 0x00000181546c9800 1869       1       java.lang.invoke.LambdaFormEditor::addArgumentForm (121 bytes)
Event: 1.814 Thread 0x00000181546c9800 nmethod 1869 0x000001813f1afa90 code [0x000001813f1afc80, 0x000001813f1aff98]

GC Heap History (9 events):
Event: 0.567 GC heap before
{Heap before GC invocations=0 (full 0):
 garbage-first heap   total 131072K, used 6144K [0x0000000080000000, 0x0000000100000000)
  region size 1024K, 7 young (7168K), 0 survivors (0K)
 Metaspace       used 8120K, capacity 8290K, committed 8320K, reserved 1056768K
  class space    used 806K, capacity 876K, committed 896K, reserved 1048576K
}
Event: 0.574 GC heap after
{Heap after GC invocations=1 (full 0):
 garbage-first heap   total 131072K, used 3293K [0x0000000080000000, 0x0000000100000000)
  region size 1024K, 1 young (1024K), 1 survivors (1024K)
 Metaspace       used 8120K, capacity 8290K, committed 8320K, reserved 1056768K
  class space    used 806K, capacity 876K, committed 896K, reserved 1048576K
}
Event: 0.922 GC heap before
{Heap before GC invocations=1 (full 0):
 garbage-first heap   total 131072K, used 8413K [0x0000000080000000, 0x0000000100000000)
  region size 1024K, 6 young (6144K), 1 survivors (1024K)
 Metaspace       used 11762K, capacity 12039K, committed 12160K, reserved 1060864K
  class space    used 1243K, capacity 1370K, committed 1408K, reserved 1048576K
}
Event: 0.928 GC heap after
{Heap after GC invocations=2 (full 0):
 garbage-first heap   total 131072K, used 4072K [0x0000000080000000, 0x0000000100000000)
  region size 1024K, 1 young (1024K), 1 survivors (1024K)
 Metaspace       used 11762K, capacity 12039K, committed 12160K, reserved 1060864K
  class space    used 1243K, capacity 1370K, committed 1408K, reserved 1048576K
}
Event: 1.243 GC heap before
{Heap before GC invocations=2 (full 0):
 garbage-first heap   total 131072K, used 14312K [0x0000000080000000, 0x0000000100000000)
  region size 1024K, 12 young (12288K), 1 survivors (1024K)
 Metaspace       used 14854K, capacity 15263K, committed 15488K, reserved 1062912K
  class space    used 1633K, capacity 1823K, committed 1920K, reserved 1048576K
}
Event: 1.251 GC heap after
{Heap after GC invocations=3 (full 0):
 garbage-first heap   total 131072K, used 5324K [0x0000000080000000, 0x0000000100000000)
  region size 1024K, 2 young (2048K), 2 survivors (2048K)
 Metaspace       used 14854K, capacity 15263K, committed 15488K, reserved 1062912K
  class space    used 1633K, capacity 1823K, committed 1920K, reserved 1048576K
}
Event: 1.545 GC heap before
{Heap before GC invocations=3 (full 0):
 garbage-first heap   total 131072K, used 19660K [0x0000000080000000, 0x0000000100000000)
  region size 1024K, 16 young (16384K), 2 survivors (2048K)
 Metaspace       used 17803K, capacity 18350K, committed 18432K, reserved 1064960K
  class space    used 2049K, capacity 2268K, committed 2304K, reserved 1048576K
}
Event: 1.555 GC heap after
{Heap after GC invocations=4 (full 0):
 garbage-first heap   total 131072K, used 6246K [0x0000000080000000, 0x0000000100000000)
  region size 1024K, 1 young (1024K), 1 survivors (1024K)
 Metaspace       used 17803K, capacity 18350K, committed 18432K, reserved 1064960K
  class space    used 2049K, capacity 2268K, committed 2304K, reserved 1048576K
}
Event: 1.849 GC heap before
{Heap before GC invocations=4 (full 0):
 garbage-first heap   total 131072K, used 20582K [0x0000000080000000, 0x0000000100000000)
  region size 1024K, 17 young (17408K), 1 survivors (1024K)
 Metaspace       used 20498K, capacity 21142K, committed 21248K, reserved 1067008K
  class space    used 2462K, capacity 2762K, committed 2816K, reserved 1048576K
}

Deoptimization events (0 events):
No events

Classes redefined (0 events):
No events

Internal exceptions (10 events):
Event: 1.653 Thread 0x00000181372cf000 Exception <a 'java/lang/NoSuchMethodError'{0x0000000087b01dc8}: java.lang.invoke.DirectMethodHandle$Holder.invokeStaticInit(Ljava/lang/Object;Ljava/lang/Object;)V> (0x0000000087b01dc8) thrown at [./open/src/hotspot/share/interpreter/linkResolver.cpp, line
Event: 1.655 Thread 0x00000181372cf000 Exception <a 'java/lang/NoSuchMethodError'{0x0000000087b0f8f8}: java.lang.invoke.DirectMethodHandle$Holder.invokeStaticInit(Ljava/lang/Object;Ljava/lang/Object;Ljava/lang/Object;)V> (0x0000000087b0f8f8) thrown at [./open/src/hotspot/share/interpreter/link
Event: 1.672 Thread 0x00000181372cf000 Exception <a 'java/lang/NoSuchMethodError'{0x0000000087bcdb28}: java.lang.invoke.DirectMethodHandle$Holder.invokeVirtual(Ljava/lang/Object;Ljava/lang/Object;Ljava/lang/Object;Ljava/lang/Object;)V> (0x0000000087bcdb28) thrown at [./open/src/hotspot/share/i
Event: 1.699 Thread 0x00000181558e3800 Exception <a 'java/lang/reflect/InvocationTargetException'{0x0000000087901df8}> (0x0000000087901df8) thrown at [./open/src/hotspot/share/runtime/reflection.cpp, line 1242]
Event: 1.714 Thread 0x00000181372cf000 Exception <a 'java/lang/NoSuchMethodError'{0x000000008795cf08}: java.lang.invoke.DirectMethodHandle$Holder.invokeSpecial(Ljava/lang/Object;Ljava/lang/Object;Ljava/lang/Object;Ljava/lang/Object;Ljava/lang/Object;)V> (0x000000008795cf08) thrown at [./open/s
Event: 1.725 Thread 0x00000181559ea800 Exception <a 'java/lang/NoClassDefFoundError'{0x00000000878001e8}: javax/validation/Validation> (0x00000000878001e8) thrown at [./open/src/hotspot/share/classfile/systemDictionary.cpp, line 216]
Event: 1.780 Thread 0x00000181559ea800 Exception <a 'java/lang/NoSuchMethodError'{0x000000008741b370}: java.lang.invoke.DirectMethodHandle$Holder.invokeStaticInit(Ljava/lang/Object;Ljava/lang/Object;Ljava/lang/Object;Ljava/lang/Object;Ljava/lang/Object;)Ljava/lang/Object;> (0x000000008741b370)
Event: 1.800 Thread 0x00000181559ea800 Exception <a 'java/lang/NoSuchMethodError'{0x000000008731b3c8}: java.lang.invoke.DirectMethodHandle$Holder.invokeSpecial(Ljava/lang/Object;Ljava/lang/Object;IILjava/lang/Object;Ljava/lang/Object;Ljava/lang/Object;)Ljava/lang/Object;> (0x000000008731b3c8) 
Event: 1.801 Thread 0x00000181559ea800 Exception <a 'java/lang/NoSuchMethodError'{0x000000008731ebd0}: java.lang.invoke.DelegatingMethodHandle$Holder.reinvoke_L(Ljava/lang/Object;IILjava/lang/Object;Ljava/lang/Object;Ljava/lang/Object;)Ljava/lang/Object;> (0x000000008731ebd0) thrown at [./open
Event: 1.801 Thread 0x00000181559ea800 Exception <a 'java/lang/NoSuchMethodError'{0x0000000087322ab0}: java.lang.invoke.DirectMethodHandle$Holder.invokeStatic(Ljava/lang/Object;Ljava/lang/Object;Ljava/lang/Object;Ljava/lang/Object;I)Ljava/lang/Object;> (0x0000000087322ab0) thrown at [./open/sr

Events (10 events):
Event: 1.847 loading class com/fasterxml/jackson/databind/deser/DeserializerFactory done
Event: 1.847 loading class org/springframework/context/event/EventListenerFactory
Event: 1.847 loading class org/springframework/context/event/EventListenerFactory done
Event: 1.847 loading class org/springframework/context/annotation/ClassPathBeanDefinitionScanner
Event: 1.847 loading class org/springframework/context/annotation/ClassPathBeanDefinitionScanner done
Event: 1.847 loading class com/fasterxml/jackson/databind/deser/BeanDeserializerFactory
Event: 1.847 loading class com/fasterxml/jackson/databind/deser/BeanDeserializerFactory done
Event: 1.848 loading class org/springframework/context/annotation/ClassPathScanningCandidateComponentProvider
Event: 1.848 loading class org/springframework/context/annotation/ClassPathScanningCandidateComponentProvider done
Event: 1.848 Executing VM operation: CollectForMetadataAllocation


Dynamic libraries:
0x00007ff6c26a0000 - 0x00007ff6c26af000 	C:\Program Files\Java\jdk-11.0.13\bin\javaw.exe
0x00007fffdab10000 - 0x00007fffdad05000 	C:\Windows\SYSTEM32\ntdll.dll
0x00007fffd9f70000 - 0x00007fffda02d000 	C:\Windows\System32\KERNEL32.DLL
0x00007fffd8250000 - 0x00007fffd851d000 	C:\Windows\System32\KERNELBASE.dll
0x00007fffd8520000 - 0x00007fffd8620000 	C:\Windows\System32\ucrtbase.dll
0x00007fffd3ca0000 - 0x00007fffd3cb8000 	C:\Program Files\Java\jdk-11.0.13\bin\jli.dll
0x00007fffd9520000 - 0x00007fffd95ce000 	C:\Windows\System32\ADVAPI32.dll
0x00007fffda060000 - 0x00007fffda0fe000 	C:\Windows\System32\msvcrt.dll
0x00007fffd90e0000 - 0x00007fffd917c000 	C:\Windows\System32\sechost.dll
0x00007fffd9380000 - 0x00007fffd94a5000 	C:\Windows\System32\RPCRT4.dll
0x00007fffd9c90000 - 0x00007fffd9e30000 	C:\Windows\System32\USER32.dll
0x00007fffd8220000 - 0x00007fffd8242000 	C:\Windows\System32\win32u.dll
0x00007fffda030000 - 0x00007fffda05a000 	C:\Windows\System32\GDI32.dll
0x00007fffd88c0000 - 0x00007fffd89cb000 	C:\Windows\System32\gdi32full.dll
0x00007fffd8a00000 - 0x00007fffd8a9d000 	C:\Windows\System32\msvcp_win.dll
0x00007fffd3c80000 - 0x00007fffd3c95000 	C:\Program Files\Java\jdk-11.0.13\bin\VCRUNTIME140.dll
0x00007fffb9910000 - 0x00007fffb9baa000 	C:\Windows\WinSxS\amd64_microsoft.windows.common-controls_6595b64144ccf1df_6.0.19041.1110_none_60b5254171f9507e\COMCTL32.dll
0x00007fffd0720000 - 0x00007fffd072a000 	C:\Windows\SYSTEM32\VERSION.dll
0x00007fffd95d0000 - 0x00007fffd9600000 	C:\Windows\System32\IMM32.DLL
0x00007fffc0b90000 - 0x00007fffc0c2b000 	C:\Program Files\Java\jdk-11.0.13\bin\msvcp140.dll
0x00007fffac390000 - 0x00007fffacea3000 	C:\Program Files\Java\jdk-11.0.13\bin\server\jvm.dll
0x00007fffd9180000 - 0x00007fffd9188000 	C:\Windows\System32\PSAPI.DLL
0x00007fffbc4c0000 - 0x00007fffbc4c9000 	C:\Windows\SYSTEM32\WSOCK32.dll
0x00007fffda100000 - 0x00007fffda16b000 	C:\Windows\System32\WS2_32.dll
0x00007fffbbbc0000 - 0x00007fffbbbe7000 	C:\Windows\SYSTEM32\WINMM.dll
0x00007fffd6100000 - 0x00007fffd6112000 	C:\Windows\SYSTEM32\kernel.appcore.dll
0x00007fffd3c20000 - 0x00007fffd3c30000 	C:\Program Files\Java\jdk-11.0.13\bin\verify.dll
0x00007fffc7fa0000 - 0x00007fffc8184000 	C:\Windows\SYSTEM32\DBGHELP.DLL
0x00007fffc85b0000 - 0x00007fffc85dc000 	C:\Windows\SYSTEM32\dbgcore.DLL
0x00007fffd8620000 - 0x00007fffd86a2000 	C:\Windows\System32\bcryptPrimitives.dll
0x00007fffd3bf0000 - 0x00007fffd3c18000 	C:\Program Files\Java\jdk-11.0.13\bin\java.dll
0x00007fffc6830000 - 0x00007fffc683a000 	C:\Program Files\Java\jdk-11.0.13\bin\jimage.dll
0x00007fffc5540000 - 0x00007fffc5556000 	C:\Program Files\Java\jdk-11.0.13\bin\zip.dll
0x00007fffda220000 - 0x00007fffda964000 	C:\Windows\System32\SHELL32.dll
0x00007fffd6300000 - 0x00007fffd6a94000 	C:\Windows\SYSTEM32\windows.storage.dll
0x00007fffd8d80000 - 0x00007fffd90d4000 	C:\Windows\System32\combase.dll
0x00007fffd7ad0000 - 0x00007fffd7afc000 	C:\Windows\SYSTEM32\Wldp.dll
0x00007fffda170000 - 0x00007fffda21d000 	C:\Windows\System32\SHCORE.dll
0x00007fffd9a80000 - 0x00007fffd9ad5000 	C:\Windows\System32\shlwapi.dll
0x00007fffd8160000 - 0x00007fffd817f000 	C:\Windows\SYSTEM32\profapi.dll
0x00007fffc1830000 - 0x00007fffc1849000 	C:\Program Files\Java\jdk-11.0.13\bin\net.dll
0x00007fffcfe00000 - 0x00007fffcff0a000 	C:\Windows\SYSTEM32\WINHTTP.dll
0x00007fffd78b0000 - 0x00007fffd791a000 	C:\Windows\system32\mswsock.dll
0x00007fffc17f0000 - 0x00007fffc1802000 	C:\Program Files\Java\jdk-11.0.13\bin\nio.dll
0x00007fffc6820000 - 0x00007fffc6829000 	C:\Program Files\Java\jdk-11.0.13\bin\management.dll
0x00007fffc5530000 - 0x00007fffc553b000 	C:\Program Files\Java\jdk-11.0.13\bin\management_ext.dll
0x00007fffbf7e0000 - 0x00007fffbf7f7000 	C:\Windows\system32\napinsp.dll
0x00007fffbf7c0000 - 0x00007fffbf7db000 	C:\Windows\system32\pnrpnsp.dll
0x00007fffbf7a0000 - 0x00007fffbf7b5000 	C:\Windows\system32\wshbth.dll
0x00007fffd3bc0000 - 0x00007fffd3bdd000 	C:\Windows\system32\NLAapi.dll
0x00007fffd75c0000 - 0x00007fffd75fb000 	C:\Windows\SYSTEM32\IPHLPAPI.DLL
0x00007fffd7600000 - 0x00007fffd76cb000 	C:\Windows\SYSTEM32\DNSAPI.dll
0x00007fffd9370000 - 0x00007fffd9378000 	C:\Windows\System32\NSI.dll
0x00007fffbf780000 - 0x00007fffbf792000 	C:\Windows\System32\winrnr.dll
0x00007fffcfc80000 - 0x00007fffcfc8a000 	C:\Windows\System32\rasadhlp.dll
0x00007fffcfd20000 - 0x00007fffcfda0000 	C:\Windows\System32\fwpuclnt.dll
0x00007fffd89d0000 - 0x00007fffd89f7000 	C:\Windows\System32\bcrypt.dll
0x00007fffd7b10000 - 0x00007fffd7b28000 	C:\Windows\SYSTEM32\CRYPTSP.dll
0x00007fffd7250000 - 0x00007fffd7284000 	C:\Windows\system32\rsaenh.dll
0x00007fffd80e0000 - 0x00007fffd810e000 	C:\Windows\SYSTEM32\USERENV.dll
0x00007fffd7a40000 - 0x00007fffd7a4c000 	C:\Windows\SYSTEM32\CRYPTBASE.dll
0x00007fffd0d80000 - 0x00007fffd0d97000 	C:\Windows\SYSTEM32\dhcpcsvc6.DLL
0x00007fffd0d60000 - 0x00007fffd0d7d000 	C:\Windows\SYSTEM32\dhcpcsvc.DLL

dbghelp: loaded successfully - version: 4.0.5 - missing functions: none
symbol engine: initialized successfully - sym options: 0x614 - pdb path: .;C:\Program Files\Java\jdk-11.0.13\bin;C:\Windows\SYSTEM32;C:\Windows\WinSxS\amd64_microsoft.windows.common-controls_6595b64144ccf1df_6.0.19041.1110_none_60b5254171f9507e;C:\Program Files\Java\jdk-11.0.13\bin\server

VM Arguments:
jvm_args: -Dcom.sun.management.jmxremote -Dcom.sun.management.jmxremote.port=59630 -Dcom.sun.management.jmxremote.authenticate=false -Dcom.sun.management.jmxremote.ssl=false -Djava.rmi.server.hostname=localhost -Dspring.jmx.enabled=true -Dspring.application.admin.enabled=true -XX:TieredStopAtLevel=1 -Dspring.boot.project.name=demomq -Dfile.encoding=UTF-8 
java_command: com.demo.DemomqApplication --spring.output.ansi.enabled=always
java_class_path (initial): C:\Users\sfjbs\Downloads\tcsbatch-main\tcsbatch-main\day 15th producer and  consumer\demomq\target\classes;C:\Users\sfjbs\.m2\repository\org\springframework\boot\spring-boot-starter-activemq\2.7.0\spring-boot-starter-activemq-2.7.0.jar;C:\Users\sfjbs\.m2\repository\org\springframework\boot\spring-boot-starter\2.7.0\spring-boot-starter-2.7.0.jar;C:\Users\sfjbs\.m2\repository\org\springframework\boot\spring-boot\2.7.0\spring-boot-2.7.0.jar;C:\Users\sfjbs\.m2\repository\org\springframework\boot\spring-boot-autoconfigure\2.7.0\spring-boot-autoconfigure-2.7.0.jar;C:\Users\sfjbs\.m2\repository\org\springframework\boot\spring-boot-starter-logging\2.7.0\spring-boot-starter-logging-2.7.0.jar;C:\Users\sfjbs\.m2\repository\ch\qos\logback\logback-classic\1.2.11\logback-classic-1.2.11.jar;C:\Users\sfjbs\.m2\repository\ch\qos\logback\logback-core\1.2.11\logback-core-1.2.11.jar;C:\Users\sfjbs\.m2\repository\org\apache\logging\log4j\log4j-to-slf4j\2.17.2\log4j-to-slf4j-2.17.2.jar;C:\Users\sfjbs\.m2\repository\org\apache\logging\log4j\log4j-api\2.17.2\log4j-api-2.17.2.jar;C:\Users\sfjbs\.m2\repository\org\slf4j\jul-to-slf4j\1.7.36\jul-to-slf4j-1.7.36.jar;C:\Users\sfjbs\.m2\repository\jakarta\annotation\jakarta.annotation-api\1.3.5\jakarta.annotation-api-1.3.5.jar;C:\Users\sfjbs\.m2\repository\org\yaml\snakeyaml\1.30\snakeyaml-1.30.jar;C:\Users\sfjbs\.m2\repository\org\springframework\spring-jms\5.3.20\spring-jms-5.3.20.jar;C:\Users\sfjbs\.m2\repository\org\springframework\spring-beans\5.3.20\spring-beans-5.3.20.jar;C:\Users\sfjbs\.m2\repository\org\springframework\spring-messaging\5.3.20\spring-messaging-5.3.20.jar;C:\Users\sfjbs\.m2\repository\org\springframework\spring-tx\5.3.20\spring-tx-5.3.20.jar;C:\Users\sfjbs\.m2\repository\org\apache\activemq\activemq-broker\5.16.5\activemq-broker-5.16.5.jar;C:\Users\sfjbs\.m2\repository\org\apache\activemq\activemq-client\5.16.5\activemq-client-5.16.5.jar;C:\Users\sfjbs\.m2\repository\org\fusesource\hawtbuf\hawt
Launcher Type: SUN_STANDARD

[Global flags]
     intx CICompilerCount                          = 2                                         {product} {ergonomic}
     uint ConcGCThreads                            = 1                                         {product} {ergonomic}
     uint G1ConcRefinementThreads                  = 2                                         {product} {ergonomic}
   size_t G1HeapRegionSize                         = 1048576                                   {product} {ergonomic}
    uintx GCDrainStackTargetSize                   = 64                                        {product} {ergonomic}
   size_t InitialHeapSize                          = 134217728                                 {product} {ergonomic}
     bool ManagementServer                         = true                                      {product} {command line}
   size_t MarkStackSize                            = 4194304                                   {product} {ergonomic}
   size_t MaxHeapSize                              = 2147483648                                {product} {ergonomic}
   size_t MaxNewSize                               = 1287651328                                {product} {ergonomic}
   size_t MinHeapDeltaBytes                        = 1048576                                   {product} {ergonomic}
    uintx NonNMethodCodeHeapSize                   = 6396312                                {pd product} {ergonomic}
    uintx NonProfiledCodeHeapSize                  = 245261928                              {pd product} {ergonomic}
    uintx ProfiledCodeHeapSize                     = 0                                      {pd product} {ergonomic}
    uintx ReservedCodeCacheSize                    = 251658240                              {pd product} {ergonomic}
     bool SegmentedCodeCache                       = true                                      {product} {ergonomic}
     intx TieredStopAtLevel                        = 1                                         {product} {command line}
     bool UseCompressedClassPointers               = true                                 {lp64_product} {ergonomic}
     bool UseCompressedOops                        = true                                 {lp64_product} {ergonomic}
     bool UseG1GC                                  = true                                      {product} {ergonomic}
     bool UseLargePagesIndividualAllocation        = false                                  {pd product} {ergonomic}

Logging:
Log output configuration:
 #0: stdout all=warning uptime,level,tags
 #1: stderr all=off uptime,level,tags

Environment Variables:
PATH=C:/Users/sfjbs/Downloads/sts-4.14.1.RELEASE//plugins/org.eclipse.justj.openjdk.hotspot.jre.full.win32.x86_64_17.0.2.v20220201-1208/jre/bin/server;C:/Users/sfjbs/Downloads/sts-4.14.1.RELEASE//plugins/org.eclipse.justj.openjdk.hotspot.jre.full.win32.x86_64_17.0.2.v20220201-1208/jre/bin;C:\Program Files\Common Files\Oracle\Java\javapath;C:\Windows\system32;C:\Windows;C:\Windows\System32\Wbem;C:\Windows\System32\WindowsPowerShell\v1.0\;C:\Windows\System32\OpenSSH\;C:\Users\sfjbs\Downloads\javamicro-20220514T090136Z-001\javamicro\apache-maven-3.8.5-bin\apache-maven-3.8.5\bin;C:\Users\sfjbs\Downloads\javamicro-20220514T090136Z-001\javamicro\apache-maven-3.8.5-bin\apache-maven-3.8.5\lib;C:\Program Files\Git\cmd;C:\Program Files\Docker\Docker\resources\bin;C:\ProgramData\DockerDesktop\version-bin;C:\Users\sfjbs\AppData\Local\Microsoft\WindowsApps;C:\Users\sfjbs\Downloads\javamicro-20220514T090136Z-001\javamicro\apache-maven-3.8.5-bin\apache-maven-3.8.5\bin;C:\Users\sfjbs\Downloads\javamicro-20220514T090136Z-001\javamicro\apache-maven-3.8.5-bin\apache-maven-3.8.5\lib;;C:\Program Files\JetBrains\IntelliJ IDEA Community Edition 2021.3.3\bin;;C:\Users\sfjbs\Downloads\sts-4.14.1.RELEASE;
USERNAME=sfjbs
OS=Windows_NT
PROCESSOR_IDENTIFIER=Intel64 Family 6 Model 85 Stepping 7, GenuineIntel



---------------  S Y S T E M  ---------------

OS: Windows 10 , 64 bit Build 19041 (10.0.19041.1706)
Hyper-V role detected

CPU:total 2 (initial active 2) (1 cores per cpu, 2 threads per core) family 6 model 85 stepping 7 microcode 0xffffffff, cmov, cx8, fxsr, mmx, sse, sse2, sse3, ssse3, sse4.1, sse4.2, popcnt, avx, avx2, aes, clmul, erms, rtm, 3dnowpref, lzcnt, ht, tsc, bmi1, bmi2, adx, evex, fma

Memory: 4k page, system-wide physical 8190M (1318M free)
TotalPageFile size 10238M (AvailPageFile size 7M)
current process WorkingSet (physical memory assigned to process): 84M, peak: 84M
current process commit charge ("private bytes"): 216M, peak: 243M

vm_info: Java HotSpot(TM) 64-Bit Server VM (11.0.13+10-LTS-370) for windows-amd64 JRE (11.0.13+10-LTS-370), built on Sep 15 2021 22:10:36 by "mach5one" with MS VC++ 15.9 (VS2017)

END.
