#
# There is insufficient memory for the Java Runtime Environment to continue.
# Native memory allocation (mmap) failed to map 68157440 bytes for Failed to commit area from 0x0000000089a00000 to 0x000000008db00000 of length 68157440.
# Possible reasons:
#   The system is out of physical RAM or swap space
#   The process is running with CompressedOops enabled, and the Java Heap may be blocking the growth of the native heap
# Possible solutions:
#   Reduce memory load on the system
#   Increase physical memory or swap space
#   Check if swap backing store is full
#   Decrease Java heap size (-Xmx/-Xms)
#   Decrease number of Java threads
#   Decrease Java thread stack sizes (-Xss)
#   Set larger code cache with -XX:ReservedCodeCacheSize=
#   JVM is running with Unscaled Compressed Oops mode in which the Java heap is
#     placed in the first 4GB address space. The Java Heap base address is the
#     maximum limit for the native heap growth. Please use -XX:HeapBaseMinAddress
#     to set the Java Heap base and to place the Java Heap above 4GB virtual address.
# This output file may be truncated or incomplete.
#
#  Out of Memory Error (./open/src/hotspot/os/windows/os_windows.cpp:3276), pid=7084, tid=1404
#
# JRE version: Java(TM) SE Runtime Environment 18.9 (11.0.13+10) (build 11.0.13+10-LTS-370)
# Java VM: Java HotSpot(TM) 64-Bit Server VM 18.9 (11.0.13+10-LTS-370, mixed mode, tiered, compressed oops, g1 gc, windows-amd64)
# No core dump will be written. Minidumps are not enabled by default on client versions of Windows
#

---------------  S U M M A R Y ------------

Command Line: -Dmaven.home=EMBEDDED -Dclassworlds.conf=C:\Users\sfjbs\Documents\workspaceTCS\.metadata\.plugins\org.eclipse.m2e.launching\launches\m2conf5567334702263379019.tmp -Dmaven.multiModuleProjectDirectory=C:\Users\sfjbs\Documents\workspaceTCS\Project implementation\PensionerDetailMicroservice -Djansi.force=true -Djansi.passthrough=true -Dfile.encoding=Cp1252 org.codehaus.plexus.classworlds.launcher.Launcher -B install -Dstyle.color=always

Host: Intel(R) Xeon(R) Platinum 8171M CPU @ 2.60GHz, 2 cores, 7G,  Windows 10 , 64 bit Build 19041 (10.0.19041.1706)
Time: Sun Jun 12 22:07:54 2022 Coordinated Universal Time elapsed time: 10.872183 seconds (0d 0h 0m 10s)

---------------  T H R E A D  ---------------

Current thread (0x0000020abc2ab800):  VMThread "VM Thread" [stack: 0x0000003aee200000,0x0000003aee300000] [id=1404]

Stack: [0x0000003aee200000,0x0000003aee300000]
[error occurred during error reporting (printing stack bounds), id 0xc0000005, EXCEPTION_ACCESS_VIOLATION (0xc0000005) at pc=0x0000020aa66f0f2d]

Native frames: (J=compiled Java code, j=interpreted, Vv=VM code, C=native code)
V  [jvm.dll+0x62870a]
V  [jvm.dll+0x761f2f]
V  [jvm.dll+0x7635d9]
V  [jvm.dll+0x763bc5]
V  [jvm.dll+0x763b7b]
V  [jvm.dll+0x627c53]
V  [jvm.dll+0x628308]
C  [ntdll.dll+0xa209f]
C  [ntdll.dll+0x51454]
C  [ntdll.dll+0xa0bce]
C  0x0000020aa66f0f2d

VM_Operation (0x0000003aedcfd320): G1CollectForAllocation, mode: safepoint, requested by thread 0x0000020a9f0b8000


---------------  P R O C E S S  ---------------

Threads class SMR info:
_java_thread_list=0x0000020abfca3e30, length=10, elements={
0x0000020a9f0b8000, 0x0000020abc2ae000, 0x0000020abc2b9000, 0x0000020abc2ca000,
0x0000020abc2ce800, 0x0000020abc2d0000, 0x0000020abc2d6800, 0x0000020abc2e1000,
0x0000020abc308800, 0x0000020abcd97800
}

Java Threads: ( => current thread )
  0x0000020a9f0b8000 JavaThread "main" [_thread_blocked, id=6472, stack(0x0000003aedc00000,0x0000003aedd00000)]
  0x0000020abc2ae000 JavaThread "Reference Handler" daemon [_thread_blocked, id=9176, stack(0x0000003aee300000,0x0000003aee400000)]
  0x0000020abc2b9000 JavaThread "Finalizer" daemon [_thread_blocked, id=9116, stack(0x0000003aee400000,0x0000003aee500000)]
  0x0000020abc2ca000 JavaThread "Signal Dispatcher" daemon [_thread_blocked, id=10800, stack(0x0000003aee500000,0x0000003aee600000)]
  0x0000020abc2ce800 JavaThread "Attach Listener" daemon [_thread_blocked, id=11252, stack(0x0000003aee600000,0x0000003aee700000)]
  0x0000020abc2d0000 JavaThread "Service Thread" daemon [_thread_blocked, id=10880, stack(0x0000003aee700000,0x0000003aee800000)]
  0x0000020abc2d6800 JavaThread "C2 CompilerThread0" daemon [_thread_blocked, id=6692, stack(0x0000003aee800000,0x0000003aee900000)]
  0x0000020abc2e1000 JavaThread "C1 CompilerThread0" daemon [_thread_blocked, id=10340, stack(0x0000003aee900000,0x0000003aeea00000)]
  0x0000020abc308800 JavaThread "Sweeper thread" daemon [_thread_blocked, id=7564, stack(0x0000003aeea00000,0x0000003aeeb00000)]
  0x0000020abcd97800 JavaThread "Common-Cleaner" daemon [_thread_blocked, id=8104, stack(0x0000003aeec00000,0x0000003aeed00000)]

Other Threads:
=>0x0000020abc2ab800 VMThread "VM Thread" [stack: 0x0000003aee200000,0x0000003aee300000] [id=1404]
  0x0000020abcd90800 WatcherThread [stack: 0x0000003aeeb00000,0x0000003aeec00000] [id=3536]
  0x0000020a9f0cc800 GCTaskThread "GC Thread#0" [stack: 0x0000003aedd00000,0x0000003aede00000] [id=8084]
  0x0000020abd350800 GCTaskThread "GC Thread#1" [stack: 0x0000003aeed00000,0x0000003aeee00000] [id=11040]
  0x0000020a9f0fd000 ConcurrentGCThread "G1 Main Marker" [stack: 0x0000003aede00000,0x0000003aedf00000] [id=10192]
  0x0000020a9f0fe800 ConcurrentGCThread "G1 Conc#0" [stack: 0x0000003aedf00000,0x0000003aee000000] [id=10616]
  0x0000020a9f185800 ConcurrentGCThread "G1 Refine#0" [stack: 0x0000003aee000000,0x0000003aee100000] [id=5368]
  0x0000020a9f186800 ConcurrentGCThread "G1 Young RemSet Sampling" [stack: 0x0000003aee100000,0x0000003aee200000] [id=7504]

Threads with active compile tasks:
C2 CompilerThread0  10882 4650   !   4       jdk.internal.loader.URLClassPath$JarLoader::getResource (65 bytes)

VM state:at safepoint (normal execution)

VM Mutex/Monitor currently owned by a thread:  ([mutex/lock_event])
[0x0000020a9f0b4560] Threads_lock - owner thread: 0x0000020abc2ab800
[0x0000020a9f0b4d40] Heap_lock - owner thread: 0x0000020a9f0b8000

Heap address: 0x0000000080000000, size: 2048 MB, Compressed Oops mode: 32-bit
Narrow klass base: 0x0000000000000000, Narrow klass shift: 3
Compressed class space size: 1073741824 Address: 0x0000000100000000

Heap:
 garbage-first heap   total 224256K, used 24902K [0x0000000080000000, 0x0000000100000000)
  region size 1024K, 8 young (8192K), 8 survivors (8192K)
 Metaspace       used 27363K, capacity 27926K, committed 28160K, reserved 1075200K
  class space    used 2770K, capacity 2965K, committed 3072K, reserved 1048576K
Heap Regions: E=young(eden), S=young(survivor), O=old, HS=humongous(starts), HC=humongous(continues), CS=collection set, F=free, A=archive, TAMS=top-at-mark-start (previous, next)
|   0|0x0000000080000000, 0x0000000080100000, 0x0000000080100000|100%| O|  |TAMS 0x0000000080100000, 0x0000000080000000| Untracked 
|   1|0x0000000080100000, 0x0000000080200000, 0x0000000080200000|100%| O|  |TAMS 0x00000000801b4600, 0x0000000080100000| Untracked 
|   2|0x0000000080200000, 0x0000000080300000, 0x0000000080300000|100%| O|  |TAMS 0x0000000080200000, 0x0000000080200000| Untracked 
|   3|0x0000000080300000, 0x0000000080400000, 0x0000000080400000|100%| O|  |TAMS 0x0000000080300000, 0x0000000080300000| Untracked 
|   4|0x0000000080400000, 0x0000000080500000, 0x0000000080500000|100%| O|  |TAMS 0x0000000080400000, 0x0000000080400000| Untracked 
|   5|0x0000000080500000, 0x0000000080600000, 0x0000000080600000|100%| O|  |TAMS 0x0000000080500000, 0x0000000080500000| Untracked 
|   6|0x0000000080600000, 0x0000000080700000, 0x0000000080700000|100%| O|  |TAMS 0x0000000080600000, 0x0000000080600000| Untracked 
|   7|0x0000000080700000, 0x0000000080800000, 0x0000000080800000|100%| O|  |TAMS 0x0000000080700000, 0x0000000080700000| Untracked 
|   8|0x0000000080800000, 0x0000000080900000, 0x0000000080900000|100%| O|  |TAMS 0x0000000080800000, 0x0000000080800000| Untracked 
|   9|0x0000000080900000, 0x0000000080a00000, 0x0000000080a00000|100%| O|  |TAMS 0x0000000080900000, 0x0000000080900000| Untracked 
|  10|0x0000000080a00000, 0x0000000080b00000, 0x0000000080b00000|100%| O|  |TAMS 0x0000000080a00000, 0x0000000080a00000| Untracked 
|  11|0x0000000080b00000, 0x0000000080c00000, 0x0000000080c00000|100%| O|  |TAMS 0x0000000080b00000, 0x0000000080b00000| Untracked 
|  12|0x0000000080c00000, 0x0000000080c00000, 0x0000000080d00000|  0%| F|  |TAMS 0x0000000080c00000, 0x0000000080c00000| Untracked 
|  13|0x0000000080d00000, 0x0000000080d00000, 0x0000000080e00000|  0%| F|  |TAMS 0x0000000080d00000, 0x0000000080d00000| Untracked 
|  14|0x0000000080e00000, 0x0000000080e00000, 0x0000000080f00000|  0%| F|  |TAMS 0x0000000080e00000, 0x0000000080e00000| Untracked 
|  15|0x0000000080f00000, 0x0000000080f00000, 0x0000000081000000|  0%| F|  |TAMS 0x0000000080f00000, 0x0000000080f00000| Untracked 
|  16|0x0000000081000000, 0x0000000081000000, 0x0000000081100000|  0%| F|  |TAMS 0x0000000081000000, 0x0000000081000000| Untracked 
|  17|0x0000000081100000, 0x0000000081100000, 0x0000000081200000|  0%| F|  |TAMS 0x0000000081100000, 0x0000000081100000| Untracked 
|  18|0x0000000081200000, 0x0000000081200000, 0x0000000081300000|  0%| F|  |TAMS 0x0000000081200000, 0x0000000081200000| Untracked 
|  19|0x0000000081300000, 0x0000000081300000, 0x0000000081400000|  0%| F|  |TAMS 0x0000000081300000, 0x0000000081300000| Untracked 
|  20|0x0000000081400000, 0x0000000081400000, 0x0000000081500000|  0%| F|  |TAMS 0x0000000081400000, 0x0000000081400000| Untracked 
|  21|0x0000000081500000, 0x0000000081500000, 0x0000000081600000|  0%| F|  |TAMS 0x0000000081500000, 0x0000000081500000| Untracked 
|  22|0x0000000081600000, 0x0000000081600000, 0x0000000081700000|  0%| F|  |TAMS 0x0000000081600000, 0x0000000081600000| Untracked 
|  23|0x0000000081700000, 0x0000000081700000, 0x0000000081800000|  0%| F|  |TAMS 0x0000000081700000, 0x0000000081700000| Untracked 
|  24|0x0000000081800000, 0x0000000081800000, 0x0000000081900000|  0%| F|  |TAMS 0x0000000081800000, 0x0000000081800000| Untracked 
|  25|0x0000000081900000, 0x0000000081900000, 0x0000000081a00000|  0%| F|  |TAMS 0x0000000081900000, 0x0000000081900000| Untracked 
|  26|0x0000000081a00000, 0x0000000081a00000, 0x0000000081b00000|  0%| F|  |TAMS 0x0000000081a00000, 0x0000000081a00000| Untracked 
|  27|0x0000000081b00000, 0x0000000081b00000, 0x0000000081c00000|  0%| F|  |TAMS 0x0000000081b00000, 0x0000000081b00000| Untracked 
|  28|0x0000000081c00000, 0x0000000081c00000, 0x0000000081d00000|  0%| F|  |TAMS 0x0000000081c00000, 0x0000000081c00000| Untracked 
|  29|0x0000000081d00000, 0x0000000081d00000, 0x0000000081e00000|  0%| F|  |TAMS 0x0000000081d00000, 0x0000000081d00000| Untracked 
|  30|0x0000000081e00000, 0x0000000081e00000, 0x0000000081f00000|  0%| F|  |TAMS 0x0000000081e00000, 0x0000000081e00000| Untracked 
|  31|0x0000000081f00000, 0x0000000081f00000, 0x0000000082000000|  0%| F|  |TAMS 0x0000000081f00000, 0x0000000081f00000| Untracked 
|  32|0x0000000082000000, 0x0000000082000000, 0x0000000082100000|  0%| F|  |TAMS 0x0000000082000000, 0x0000000082000000| Untracked 
|  33|0x0000000082100000, 0x0000000082100000, 0x0000000082200000|  0%| F|  |TAMS 0x0000000082100000, 0x0000000082100000| Untracked 
|  34|0x0000000082200000, 0x0000000082200000, 0x0000000082300000|  0%| F|  |TAMS 0x0000000082200000, 0x0000000082200000| Untracked 
|  35|0x0000000082300000, 0x0000000082300000, 0x0000000082400000|  0%| F|  |TAMS 0x0000000082300000, 0x0000000082300000| Untracked 
|  36|0x0000000082400000, 0x0000000082400000, 0x0000000082500000|  0%| F|  |TAMS 0x0000000082400000, 0x0000000082400000| Untracked 
|  37|0x0000000082500000, 0x0000000082500000, 0x0000000082600000|  0%| F|  |TAMS 0x0000000082500000, 0x0000000082500000| Untracked 
|  38|0x0000000082600000, 0x0000000082600000, 0x0000000082700000|  0%| F|  |TAMS 0x0000000082600000, 0x0000000082600000| Untracked 
|  39|0x0000000082700000, 0x0000000082700000, 0x0000000082800000|  0%| F|  |TAMS 0x0000000082700000, 0x0000000082700000| Untracked 
|  40|0x0000000082800000, 0x0000000082800000, 0x0000000082900000|  0%| F|  |TAMS 0x0000000082800000, 0x0000000082800000| Untracked 
|  41|0x0000000082900000, 0x0000000082900000, 0x0000000082a00000|  0%| F|  |TAMS 0x0000000082900000, 0x0000000082900000| Untracked 
|  42|0x0000000082a00000, 0x0000000082a00000, 0x0000000082b00000|  0%| F|  |TAMS 0x0000000082a00000, 0x0000000082a00000| Untracked 
|  43|0x0000000082b00000, 0x0000000082b00000, 0x0000000082c00000|  0%| F|  |TAMS 0x0000000082b00000, 0x0000000082b00000| Untracked 
|  44|0x0000000082c00000, 0x0000000082c00000, 0x0000000082d00000|  0%| F|  |TAMS 0x0000000082c00000, 0x0000000082c00000| Untracked 
|  45|0x0000000082d00000, 0x0000000082d00000, 0x0000000082e00000|  0%| F|  |TAMS 0x0000000082d00000, 0x0000000082d00000| Untracked 
|  46|0x0000000082e00000, 0x0000000082e00000, 0x0000000082f00000|  0%| F|  |TAMS 0x0000000082e00000, 0x0000000082e00000| Untracked 
|  47|0x0000000082f00000, 0x0000000082f00000, 0x0000000083000000|  0%| F|  |TAMS 0x0000000082f00000, 0x0000000082f00000| Untracked 
|  48|0x0000000083000000, 0x0000000083000000, 0x0000000083100000|  0%| F|  |TAMS 0x0000000083000000, 0x0000000083000000| Untracked 
|  49|0x0000000083100000, 0x0000000083100000, 0x0000000083200000|  0%| F|  |TAMS 0x0000000083100000, 0x0000000083100000| Untracked 
|  50|0x0000000083200000, 0x0000000083200000, 0x0000000083300000|  0%| F|  |TAMS 0x0000000083200000, 0x0000000083200000| Untracked 
|  51|0x0000000083300000, 0x0000000083300000, 0x0000000083400000|  0%| F|  |TAMS 0x0000000083300000, 0x0000000083300000| Untracked 
|  52|0x0000000083400000, 0x0000000083400000, 0x0000000083500000|  0%| F|  |TAMS 0x0000000083400000, 0x0000000083400000| Untracked 
|  53|0x0000000083500000, 0x0000000083500000, 0x0000000083600000|  0%| F|  |TAMS 0x0000000083500000, 0x0000000083500000| Untracked 
|  54|0x0000000083600000, 0x0000000083600000, 0x0000000083700000|  0%| F|  |TAMS 0x0000000083600000, 0x0000000083600000| Untracked 
|  55|0x0000000083700000, 0x0000000083700000, 0x0000000083800000|  0%| F|  |TAMS 0x0000000083700000, 0x0000000083700000| Untracked 
|  56|0x0000000083800000, 0x0000000083800000, 0x0000000083900000|  0%| F|  |TAMS 0x0000000083800000, 0x0000000083800000| Untracked 
|  57|0x0000000083900000, 0x00000000839d18f0, 0x0000000083a00000| 81%| S|CS|TAMS 0x0000000083900000, 0x0000000083900000| Complete 
|  58|0x0000000083a00000, 0x0000000083b00000, 0x0000000083b00000|100%| S|CS|TAMS 0x0000000083a00000, 0x0000000083a00000| Complete 
|  59|0x0000000083b00000, 0x0000000083c00000, 0x0000000083c00000|100%| S|CS|TAMS 0x0000000083b00000, 0x0000000083b00000| Complete 
|  60|0x0000000083c00000, 0x0000000083d00000, 0x0000000083d00000|100%| O|  |TAMS 0x0000000083c00000, 0x0000000083c00000| Untracked 
|  61|0x0000000083d00000, 0x0000000083e00000, 0x0000000083e00000|100%| O|  |TAMS 0x0000000083d00000, 0x0000000083d00000| Untracked 
|  62|0x0000000083e00000, 0x0000000083f00000, 0x0000000083f00000|100%| O|  |TAMS 0x0000000083e00000, 0x0000000083e00000| Untracked 
|  63|0x0000000083f00000, 0x0000000084000000, 0x0000000084000000|100%| O|  |TAMS 0x0000000083f00000, 0x0000000083f00000| Untracked 
|  64|0x0000000084000000, 0x0000000084080000, 0x0000000084100000| 50%| O|  |TAMS 0x0000000084000000, 0x0000000084000000| Untracked 
|  65|0x0000000084100000, 0x0000000084200000, 0x0000000084200000|100%| S|CS|TAMS 0x0000000084100000, 0x0000000084100000| Complete 
|  66|0x0000000084200000, 0x0000000084300000, 0x0000000084300000|100%| S|CS|TAMS 0x0000000084200000, 0x0000000084200000| Complete 
|  67|0x0000000084300000, 0x0000000084400000, 0x0000000084400000|100%| S|CS|TAMS 0x0000000084300000, 0x0000000084300000| Complete 
|  68|0x0000000084400000, 0x0000000084500000, 0x0000000084500000|100%| S|CS|TAMS 0x0000000084400000, 0x0000000084400000| Complete 
|  69|0x0000000084500000, 0x0000000084600000, 0x0000000084600000|100%| S|CS|TAMS 0x0000000084500000, 0x0000000084500000| Complete 
|  70|0x0000000084600000, 0x0000000084600000, 0x0000000084700000|  0%| F|  |TAMS 0x0000000084600000, 0x0000000084600000| Untracked 
|  71|0x0000000084700000, 0x0000000084700000, 0x0000000084800000|  0%| F|  |TAMS 0x0000000084700000, 0x0000000084700000| Untracked 
|  72|0x0000000084800000, 0x0000000084800000, 0x0000000084900000|  0%| F|  |TAMS 0x0000000084800000, 0x0000000084800000| Untracked 
|  73|0x0000000084900000, 0x0000000084900000, 0x0000000084a00000|  0%| F|  |TAMS 0x0000000084900000, 0x0000000084900000| Untracked 
|  74|0x0000000084a00000, 0x0000000084a00000, 0x0000000084b00000|  0%| F|  |TAMS 0x0000000084a00000, 0x0000000084a00000| Untracked 
|  75|0x0000000084b00000, 0x0000000084b00000, 0x0000000084c00000|  0%| F|  |TAMS 0x0000000084b00000, 0x0000000084b00000| Untracked 
|  76|0x0000000084c00000, 0x0000000084c00000, 0x0000000084d00000|  0%| F|  |TAMS 0x0000000084c00000, 0x0000000084c00000| Untracked 
|  77|0x0000000084d00000, 0x0000000084d00000, 0x0000000084e00000|  0%| F|  |TAMS 0x0000000084d00000, 0x0000000084d00000| Untracked 
|  78|0x0000000084e00000, 0x0000000084e00000, 0x0000000084f00000|  0%| F|  |TAMS 0x0000000084e00000, 0x0000000084e00000| Untracked 
|  79|0x0000000084f00000, 0x0000000084f00000, 0x0000000085000000|  0%| F|  |TAMS 0x0000000084f00000, 0x0000000084f00000| Untracked 
|  80|0x0000000085000000, 0x0000000085000000, 0x0000000085100000|  0%| F|  |TAMS 0x0000000085000000, 0x0000000085000000| Untracked 
|  81|0x0000000085100000, 0x0000000085100000, 0x0000000085200000|  0%| F|  |TAMS 0x0000000085100000, 0x0000000085100000| Untracked 
|  82|0x0000000085200000, 0x0000000085200000, 0x0000000085300000|  0%| F|  |TAMS 0x0000000085200000, 0x0000000085200000| Untracked 
|  83|0x0000000085300000, 0x0000000085300000, 0x0000000085400000|  0%| F|  |TAMS 0x0000000085300000, 0x0000000085300000| Untracked 
|  84|0x0000000085400000, 0x0000000085400000, 0x0000000085500000|  0%| F|  |TAMS 0x0000000085400000, 0x0000000085400000| Untracked 
|  85|0x0000000085500000, 0x0000000085500000, 0x0000000085600000|  0%| F|  |TAMS 0x0000000085500000, 0x0000000085500000| Untracked 
|  86|0x0000000085600000, 0x0000000085600000, 0x0000000085700000|  0%| F|  |TAMS 0x0000000085600000, 0x0000000085600000| Untracked 
|  87|0x0000000085700000, 0x0000000085700000, 0x0000000085800000|  0%| F|  |TAMS 0x0000000085700000, 0x0000000085700000| Untracked 
|  88|0x0000000085800000, 0x0000000085800000, 0x0000000085900000|  0%| F|  |TAMS 0x0000000085800000, 0x0000000085800000| Untracked 
|  89|0x0000000085900000, 0x0000000085900000, 0x0000000085a00000|  0%| F|  |TAMS 0x0000000085900000, 0x0000000085900000| Untracked 
|  90|0x0000000085a00000, 0x0000000085a00000, 0x0000000085b00000|  0%| F|  |TAMS 0x0000000085a00000, 0x0000000085a00000| Untracked 
|  91|0x0000000085b00000, 0x0000000085b00000, 0x0000000085c00000|  0%| F|  |TAMS 0x0000000085b00000, 0x0000000085b00000| Untracked 
|  92|0x0000000085c00000, 0x0000000085c00000, 0x0000000085d00000|  0%| F|  |TAMS 0x0000000085c00000, 0x0000000085c00000| Untracked 
|  93|0x0000000085d00000, 0x0000000085d00000, 0x0000000085e00000|  0%| F|  |TAMS 0x0000000085d00000, 0x0000000085d00000| Untracked 
|  94|0x0000000085e00000, 0x0000000085e00000, 0x0000000085f00000|  0%| F|  |TAMS 0x0000000085e00000, 0x0000000085e00000| Untracked 
|  95|0x0000000085f00000, 0x0000000085f00000, 0x0000000086000000|  0%| F|  |TAMS 0x0000000085f00000, 0x0000000085f00000| Untracked 
|  96|0x0000000086000000, 0x0000000086000000, 0x0000000086100000|  0%| F|  |TAMS 0x0000000086000000, 0x0000000086000000| Untracked 
|  97|0x0000000086100000, 0x0000000086100000, 0x0000000086200000|  0%| F|  |TAMS 0x0000000086100000, 0x0000000086100000| Untracked 
|  98|0x0000000086200000, 0x0000000086200000, 0x0000000086300000|  0%| F|  |TAMS 0x0000000086200000, 0x0000000086200000| Untracked 
|  99|0x0000000086300000, 0x0000000086300000, 0x0000000086400000|  0%| F|  |TAMS 0x0000000086300000, 0x0000000086300000| Untracked 
| 100|0x0000000086400000, 0x0000000086400000, 0x0000000086500000|  0%| F|  |TAMS 0x0000000086400000, 0x0000000086400000| Untracked 
| 101|0x0000000086500000, 0x0000000086500000, 0x0000000086600000|  0%| F|  |TAMS 0x0000000086500000, 0x0000000086500000| Untracked 
| 102|0x0000000086600000, 0x0000000086600000, 0x0000000086700000|  0%| F|  |TAMS 0x0000000086600000, 0x0000000086600000| Untracked 
| 103|0x0000000086700000, 0x0000000086700000, 0x0000000086800000|  0%| F|  |TAMS 0x0000000086700000, 0x0000000086700000| Untracked 
| 104|0x0000000086800000, 0x0000000086800000, 0x0000000086900000|  0%| F|  |TAMS 0x0000000086800000, 0x0000000086800000| Untracked 
| 105|0x0000000086900000, 0x0000000086900000, 0x0000000086a00000|  0%| F|  |TAMS 0x0000000086900000, 0x0000000086900000| Untracked 
| 106|0x0000000086a00000, 0x0000000086a00000, 0x0000000086b00000|  0%| F|  |TAMS 0x0000000086a00000, 0x0000000086a00000| Untracked 
| 107|0x0000000086b00000, 0x0000000086b00000, 0x0000000086c00000|  0%| F|  |TAMS 0x0000000086b00000, 0x0000000086b00000| Untracked 
| 108|0x0000000086c00000, 0x0000000086c00000, 0x0000000086d00000|  0%| F|  |TAMS 0x0000000086c00000, 0x0000000086c00000| Untracked 
| 109|0x0000000086d00000, 0x0000000086d00000, 0x0000000086e00000|  0%| F|  |TAMS 0x0000000086d00000, 0x0000000086d00000| Untracked 
| 110|0x0000000086e00000, 0x0000000086e00000, 0x0000000086f00000|  0%| F|  |TAMS 0x0000000086e00000, 0x0000000086e00000| Untracked 
| 111|0x0000000086f00000, 0x0000000086f00000, 0x0000000087000000|  0%| F|  |TAMS 0x0000000086f00000, 0x0000000086f00000| Untracked 
| 112|0x0000000087000000, 0x0000000087000000, 0x0000000087100000|  0%| F|  |TAMS 0x0000000087000000, 0x0000000087000000| Untracked 
| 113|0x0000000087100000, 0x0000000087100000, 0x0000000087200000|  0%| F|  |TAMS 0x0000000087100000, 0x0000000087100000| Untracked 
| 114|0x0000000087200000, 0x0000000087200000, 0x0000000087300000|  0%| F|  |TAMS 0x0000000087200000, 0x0000000087200000| Untracked 
| 115|0x0000000087300000, 0x0000000087300000, 0x0000000087400000|  0%| F|  |TAMS 0x0000000087300000, 0x0000000087300000| Untracked 
| 116|0x0000000087400000, 0x0000000087400000, 0x0000000087500000|  0%| F|  |TAMS 0x0000000087400000, 0x0000000087400000| Untracked 
| 117|0x0000000087500000, 0x0000000087500000, 0x0000000087600000|  0%| F|  |TAMS 0x0000000087500000, 0x0000000087500000| Untracked 
| 118|0x0000000087600000, 0x0000000087600000, 0x0000000087700000|  0%| F|  |TAMS 0x0000000087600000, 0x0000000087600000| Untracked 
| 119|0x0000000087700000, 0x0000000087700000, 0x0000000087800000|  0%| F|  |TAMS 0x0000000087700000, 0x0000000087700000| Untracked 
| 120|0x0000000087800000, 0x0000000087800000, 0x0000000087900000|  0%| F|  |TAMS 0x0000000087800000, 0x0000000087800000| Untracked 
| 121|0x0000000087900000, 0x0000000087900000, 0x0000000087a00000|  0%| F|  |TAMS 0x0000000087900000, 0x0000000087900000| Untracked 
| 122|0x0000000087a00000, 0x0000000087a00000, 0x0000000087b00000|  0%| F|  |TAMS 0x0000000087a00000, 0x0000000087a00000| Untracked 
| 123|0x0000000087b00000, 0x0000000087b00000, 0x0000000087c00000|  0%| F|  |TAMS 0x0000000087b00000, 0x0000000087b00000| Untracked 
| 124|0x0000000087c00000, 0x0000000087c00000, 0x0000000087d00000|  0%| F|  |TAMS 0x0000000087c00000, 0x0000000087c00000| Untracked 
| 125|0x0000000087d00000, 0x0000000087d00000, 0x0000000087e00000|  0%| F|  |TAMS 0x0000000087d00000, 0x0000000087d00000| Untracked 
| 126|0x0000000087e00000, 0x0000000087e00000, 0x0000000087f00000|  0%| F|  |TAMS 0x0000000087e00000, 0x0000000087e00000| Untracked 
| 127|0x0000000087f00000, 0x0000000087f00000, 0x0000000088000000|  0%| F|  |TAMS 0x0000000087f00000, 0x0000000087f00000| Untracked 
| 128|0x0000000088000000, 0x0000000088000000, 0x0000000088100000|  0%| F|  |TAMS 0x0000000088000000, 0x0000000088000000| Untracked 
| 129|0x0000000088100000, 0x0000000088100000, 0x0000000088200000|  0%| F|  |TAMS 0x0000000088100000, 0x0000000088100000| Untracked 
| 130|0x0000000088200000, 0x0000000088200000, 0x0000000088300000|  0%| F|  |TAMS 0x0000000088200000, 0x0000000088200000| Untracked 
| 131|0x0000000088300000, 0x0000000088300000, 0x0000000088400000|  0%| F|  |TAMS 0x0000000088300000, 0x0000000088300000| Untracked 
| 132|0x0000000088400000, 0x0000000088400000, 0x0000000088500000|  0%| F|  |TAMS 0x0000000088400000, 0x0000000088400000| Untracked 
| 133|0x0000000088500000, 0x0000000088500000, 0x0000000088600000|  0%| F|  |TAMS 0x0000000088500000, 0x0000000088500000| Untracked 
| 134|0x0000000088600000, 0x0000000088600000, 0x0000000088700000|  0%| F|  |TAMS 0x0000000088600000, 0x0000000088600000| Untracked 
| 135|0x0000000088700000, 0x0000000088700000, 0x0000000088800000|  0%| F|  |TAMS 0x0000000088700000, 0x0000000088700000| Untracked 
| 136|0x0000000088800000, 0x0000000088800000, 0x0000000088900000|  0%| F|  |TAMS 0x0000000088800000, 0x0000000088800000| Untracked 
| 137|0x0000000088900000, 0x0000000088900000, 0x0000000088a00000|  0%| F|  |TAMS 0x0000000088900000, 0x0000000088900000| Untracked 
| 138|0x0000000088a00000, 0x0000000088a00000, 0x0000000088b00000|  0%| F|  |TAMS 0x0000000088a00000, 0x0000000088a00000| Untracked 
| 139|0x0000000088b00000, 0x0000000088b00000, 0x0000000088c00000|  0%| F|  |TAMS 0x0000000088b00000, 0x0000000088b00000| Untracked 
| 140|0x0000000088c00000, 0x0000000088c00000, 0x0000000088d00000|  0%| F|  |TAMS 0x0000000088c00000, 0x0000000088c00000| Untracked 
| 141|0x0000000088d00000, 0x0000000088d00000, 0x0000000088e00000|  0%| F|  |TAMS 0x0000000088d00000, 0x0000000088d00000| Untracked 
| 142|0x0000000088e00000, 0x0000000088e00000, 0x0000000088f00000|  0%| F|  |TAMS 0x0000000088e00000, 0x0000000088e00000| Untracked 
| 143|0x0000000088f00000, 0x0000000088f00000, 0x0000000089000000|  0%| F|  |TAMS 0x0000000088f00000, 0x0000000088f00000| Untracked 
| 144|0x0000000089000000, 0x0000000089000000, 0x0000000089100000|  0%| F|  |TAMS 0x0000000089000000, 0x0000000089000000| Untracked 
| 145|0x0000000089100000, 0x0000000089100000, 0x0000000089200000|  0%| F|  |TAMS 0x0000000089100000, 0x0000000089100000| Untracked 
| 146|0x0000000089200000, 0x0000000089200000, 0x0000000089300000|  0%| F|  |TAMS 0x0000000089200000, 0x0000000089200000| Untracked 
| 147|0x0000000089300000, 0x0000000089300000, 0x0000000089400000|  0%| F|  |TAMS 0x0000000089300000, 0x0000000089300000| Untracked 
| 148|0x0000000089400000, 0x0000000089400000, 0x0000000089500000|  0%| F|  |TAMS 0x0000000089400000, 0x0000000089400000| Untracked 
| 149|0x0000000089500000, 0x0000000089500000, 0x0000000089600000|  0%| F|  |TAMS 0x0000000089500000, 0x0000000089500000| Untracked 
| 150|0x0000000089600000, 0x0000000089600000, 0x0000000089700000|  0%| F|  |TAMS 0x0000000089600000, 0x0000000089600000| Untracked 
| 151|0x0000000089700000, 0x0000000089700000, 0x0000000089800000|  0%| F|  |TAMS 0x0000000089700000, 0x0000000089700000| Untracked 
| 152|0x0000000089800000, 0x0000000089800000, 0x0000000089900000|  0%| F|  |TAMS 0x0000000089800000, 0x0000000089800000| Untracked 
| 153|0x0000000089900000, 0x0000000089900000, 0x0000000089a00000|  0%| F|  |TAMS 0x0000000089900000, 0x0000000089900000| Untracked 

Card table byte_map: [0x0000020ab56f0000,0x0000020ab5af0000] _byte_map_base: 0x0000020ab52f0000

Marking Bits (Prev, Next): (CMBitMap*) 0x0000020a9f0f46e0, (CMBitMap*) 0x0000020a9f0f46a8
 Prev Bits: [0x0000020ab7ef0000, 0x0000020ab9ef0000)
 Next Bits: [0x0000020ab5ef0000, 0x0000020ab7ef0000)

Polling page: 0x0000020a9d050000

Metaspace:

Usage:
  Non-class:     24.38 MB capacity,    24.02 MB ( 99%) used,   333.76 KB (  1%) free+waste,    34.00 KB ( <1%) overhead. 
      Class:      2.90 MB capacity,     2.71 MB ( 93%) used,   181.19 KB (  6%) free+waste,    13.50 KB ( <1%) overhead. 
       Both:     27.27 MB capacity,    26.72 MB ( 98%) used,   514.95 KB (  2%) free+waste,    47.50 KB ( <1%) overhead. 

Virtual space:
  Non-class space:       26.00 MB reserved,      24.50 MB ( 94%) committed 
      Class space:        1.00 GB reserved,       3.00 MB ( <1%) committed 
             Both:        1.03 GB reserved,      27.50 MB (  3%) committed 

Chunk freelists:
   Non-Class:  7.88 KB
       Class:  1.38 KB
        Both:  9.25 KB

CodeHeap 'non-profiled nmethods': size=120064Kb used=2296Kb max_used=2296Kb free=117767Kb
 bounds [0x0000020aae1b0000, 0x0000020aae420000, 0x0000020ab56f0000]
CodeHeap 'profiled nmethods': size=120000Kb used=10493Kb max_used=10493Kb free=109506Kb
 bounds [0x0000020aa6c80000, 0x0000020aa76c0000, 0x0000020aae1b0000]
CodeHeap 'non-nmethods': size=5696Kb used=1141Kb max_used=1169Kb free=4554Kb
 bounds [0x0000020aa66f0000, 0x0000020aa6960000, 0x0000020aa6c80000]
 total_blobs=5118 nmethods=4640 adapters=389
 compilation: enabled
              stopped_count=0, restarted_count=0
 full_count=0

Compilation events (10 events):
Event: 10.821 Thread 0x0000020abc2e1000 4670       3       java.lang.reflect.Field::acquireFieldAccessor (59 bytes)
Event: 10.822 Thread 0x0000020abc2e1000 nmethod 4670 0x0000020aa76be610 code [0x0000020aa76be800, 0x0000020aa76bedd8]
Event: 10.827 Thread 0x0000020abc2e1000 4671       3       jdk.internal.org.objectweb.asm.Item::<init> (5 bytes)
Event: 10.827 Thread 0x0000020abc2e1000 nmethod 4671 0x0000020aa76bef90 code [0x0000020aa76bf120, 0x0000020aa76bf278]
Event: 10.828 Thread 0x0000020abc2e1000 4672       3       java.lang.invoke.MethodType::basicType (8 bytes)
Event: 10.828 Thread 0x0000020abc2e1000 nmethod 4672 0x0000020aa76bf310 code [0x0000020aa76bf4a0, 0x0000020aa76bf5b8]
Event: 10.839 Thread 0x0000020abc2e1000 4674       1       java.util.jar.JarFile$JarFileEntry::getName (5 bytes)
Event: 10.839 Thread 0x0000020abc2e1000 nmethod 4674 0x0000020aae3e9f90 code [0x0000020aae3ea120, 0x0000020aae3ea1d8]
Event: 10.847 Thread 0x0000020abc2d6800 nmethod 4649% 0x0000020aae3ea290 code [0x0000020aae3ea4e0, 0x0000020aae3eceb8]
Event: 10.847 Thread 0x0000020abc2d6800 4650   !   4       jdk.internal.loader.URLClassPath$JarLoader::getResource (65 bytes)

GC Heap History (10 events):
Event: 1.973 GC heap after
{Heap after GC invocations=4 (full 0):
 garbage-first heap   total 131072K, used 4024K [0x0000000080000000, 0x0000000100000000)
  region size 1024K, 3 young (3072K), 3 survivors (3072K)
 Metaspace       used 14689K, capacity 14840K, committed 14976K, reserved 1062912K
  class space    used 1519K, capacity 1581K, committed 1664K, reserved 1048576K
}
Event: 3.470 GC heap before
{Heap before GC invocations=4 (full 0):
 garbage-first heap   total 131072K, used 37816K [0x0000000080000000, 0x0000000100000000)
  region size 1024K, 36 young (36864K), 3 survivors (3072K)
 Metaspace       used 19944K, capacity 20245K, committed 20480K, reserved 1067008K
  class space    used 2101K, capacity 2218K, committed 2304K, reserved 1048576K
}
Event: 3.491 GC heap after
{Heap after GC invocations=5 (full 0):
 garbage-first heap   total 157696K, used 6865K [0x0000000080000000, 0x0000000100000000)
  region size 1024K, 5 young (5120K), 5 survivors (5120K)
 Metaspace       used 19944K, capacity 20245K, committed 20480K, reserved 1067008K
  class space    used 2101K, capacity 2218K, committed 2304K, reserved 1048576K
}
Event: 4.742 GC heap before
{Heap before GC invocations=5 (full 0):
 garbage-first heap   total 157696K, used 54993K [0x0000000080000000, 0x0000000100000000)
  region size 1024K, 53 young (54272K), 5 survivors (5120K)
 Metaspace       used 20873K, capacity 21187K, committed 21248K, reserved 1069056K
  class space    used 2146K, capacity 2254K, committed 2304K, reserved 1048576K
}
Event: 4.771 GC heap after
{Heap after GC invocations=6 (full 0):
 garbage-first heap   total 157696K, used 11792K [0x0000000080000000, 0x0000000100000000)
  region size 1024K, 10 young (10240K), 10 survivors (10240K)
 Metaspace       used 20873K, capacity 21187K, committed 21248K, reserved 1069056K
  class space    used 2146K, capacity 2254K, committed 2304K, reserved 1048576K
}
Event: 5.799 GC heap before
{Heap before GC invocations=7 (full 0):
 garbage-first heap   total 157696K, used 67088K [0x0000000080000000, 0x0000000100000000)
  region size 1024K, 64 young (65536K), 10 survivors (10240K)
 Metaspace       used 21444K, capacity 21780K, committed 22016K, reserved 1069056K
  class space    used 2158K, capacity 2259K, committed 2304K, reserved 1048576K
}
Event: 5.850 GC heap after
{Heap after GC invocations=8 (full 0):
 garbage-first heap   total 157696K, used 17142K [0x0000000080000000, 0x0000000100000000)
  region size 1024K, 6 young (6144K), 6 survivors (6144K)
 Metaspace       used 21444K, capacity 21780K, committed 22016K, reserved 1069056K
  class space    used 2158K, capacity 2259K, committed 2304K, reserved 1048576K
}
Event: 7.928 GC heap before
{Heap before GC invocations=8 (full 0):
 garbage-first heap   total 157696K, used 129782K [0x0000000080000000, 0x0000000100000000)
  region size 1024K, 68 young (69632K), 6 survivors (6144K)
 Metaspace       used 23904K, capacity 24387K, committed 24704K, reserved 1071104K
  class space    used 2376K, capacity 2574K, committed 2688K, reserved 1048576K
}
Event: 7.952 GC heap after
{Heap after GC invocations=9 (full 0):
 garbage-first heap   total 157696K, used 20992K [0x0000000080000000, 0x0000000100000000)
  region size 1024K, 4 young (4096K), 4 survivors (4096K)
 Metaspace       used 23904K, capacity 24387K, committed 24704K, reserved 1071104K
  class space    used 2376K, capacity 2574K, committed 2688K, reserved 1048576K
}
Event: 10.848 GC heap before
{Heap before GC invocations=9 (full 0):
 garbage-first heap   total 157696K, used 133632K [0x0000000080000000, 0x0000000100000000)
  region size 1024K, 84 young (86016K), 4 survivors (4096K)
 Metaspace       used 27363K, capacity 27926K, committed 28160K, reserved 1075200K
  class space    used 2770K, capacity 2965K, committed 3072K, reserved 1048576K
}

Deoptimization events (10 events):
Event: 9.182 Thread 0x0000020a9f0b8000 Uncommon trap: reason=class_check action=maybe_recompile pc=0x0000020aae262268 method=org.eclipse.sisu.inject.Implementations.find(Lcom/google/inject/Binding;)Ljava/lang/Class; @ 4 c2
Event: 9.200 Thread 0x0000020a9f0b8000 Uncommon trap: reason=class_check action=maybe_recompile pc=0x0000020aae32f794 method=org.apache.maven.model.Plugin.clone()Lorg/apache/maven/model/Plugin; @ 94 c2
Event: 9.360 Thread 0x0000020a9f0b8000 Uncommon trap: reason=unstable_if action=reinterpret pc=0x0000020aae1eafa4 method=sun.net.www.ParseUtil.firstEncodeIndex(Ljava/lang/String;)I @ 51 c2
Event: 9.399 Thread 0x0000020a9f0b8000 Uncommon trap: reason=class_check action=maybe_recompile pc=0x0000020aae31ef90 method=java.util.Collections$3.hasMoreElements()Z @ 4 c2
Event: 9.401 Thread 0x0000020a9f0b8000 Uncommon trap: reason=class_check action=maybe_recompile pc=0x0000020aae31ef90 method=java.util.Collections$3.hasMoreElements()Z @ 4 c2
Event: 9.406 Thread 0x0000020abf368000 Uncommon trap: reason=class_check action=maybe_recompile pc=0x0000020aae1edee4 method=java.util.concurrent.ConcurrentHashMap.putVal(Ljava/lang/Object;Ljava/lang/Object;Z)Ljava/lang/Object; @ 159 c2
Event: 9.408 Thread 0x0000020a9f0b8000 Uncommon trap: reason=class_check action=maybe_recompile pc=0x0000020aae31ef90 method=java.util.Collections$3.hasMoreElements()Z @ 4 c2
Event: 9.409 Thread 0x0000020a9f0b8000 Uncommon trap: reason=class_check action=maybe_recompile pc=0x0000020aae31ef90 method=java.util.Collections$3.hasMoreElements()Z @ 4 c2
Event: 9.918 Thread 0x0000020a9f0b8000 Uncommon trap: reason=unstable_if action=reinterpret pc=0x0000020aae318660 method=org.apache.maven.model.validation.DefaultModelValidator.validateEffectiveDependency(Lorg/apache/maven/model/building/ModelProblemCollector;Lorg/apache/maven/model/Dependency
Event: 9.919 Thread 0x0000020a9f0b8000 Uncommon trap: reason=unstable_if action=reinterpret pc=0x0000020aae31e344 method=org.eclipse.aether.artifact.DefaultArtifact.merge(Ljava/util/Map;Ljava/util/Map;)Ljava/util/Map; @ 1 c2

Classes redefined (0 events):
No events

Internal exceptions (10 events):
Event: 3.029 Thread 0x0000020a9f0b8000 Implicit null exception at 0x0000020aae1d33f4 to 0x0000020aae1d38e0
Event: 3.202 Thread 0x0000020a9f0b8000 Implicit null exception at 0x0000020aae26fecf to 0x0000020aae271300
Event: 3.214 Thread 0x0000020a9f0b8000 Implicit null exception at 0x0000020aae250055 to 0x0000020aae250204
Event: 5.769 Thread 0x0000020a9f0b8000 Implicit null exception at 0x0000020aae2354af to 0x0000020aae23551d
Event: 6.340 Thread 0x0000020a9f0b8000 Implicit null exception at 0x0000020aae326888 to 0x0000020aae3271d0
Event: 7.991 Thread 0x0000020a9f0b8000 Exception <a 'java/lang/NoSuchMethodError'{0x0000000089894960}: org.apache.maven.execution.MavenExecutionRequest.getFailureBehavior()Ljava/lang/String;> (0x0000000089894960) thrown at [./open/src/hotspot/share/interpreter/linkResolver.cpp, line 864]
Event: 8.064 Thread 0x0000020abf398000 Implicit null exception at 0x0000020aae36e86d to 0x0000020aae36e950
Event: 8.100 Thread 0x0000020abf398000 Exception <a 'java/lang/NoSuchMethodError'{0x0000000089748a00}: java.lang.invoke.DirectMethodHandle$Holder.invokeStaticInit(Ljava/lang/Object;Ljava/lang/Object;JLjava/lang/Object;)Ljava/lang/Object;> (0x0000000089748a00) thrown at [./open/src/hotspot/shar
Event: 8.102 Thread 0x0000020abf398000 Exception <a 'java/lang/NoSuchMethodError'{0x0000000089754b60}: java.lang.invoke.Invokers$Holder.linkToTargetMethod(Ljava/lang/Object;JLjava/lang/Object;)Ljava/lang/Object;> (0x0000000089754b60) thrown at [./open/src/hotspot/share/interpreter/linkResolver
Event: 10.793 Thread 0x0000020a9f0b8000 Exception <a 'java/lang/NoClassDefFoundError'{0x00000000848a24f0}: org/sonatype/aether/graph/DependencyNode> (0x00000000848a24f0) thrown at [./open/src/hotspot/share/classfile/systemDictionary.cpp, line 216]

Events (10 events):
Event: 10.833 loading class org/apache/maven/shared/artifact/filter/collection/AbstractArtifactFeatureFilter done
Event: 10.834 loading class org/apache/maven/shared/utils/StringUtils
Event: 10.834 loading class org/apache/maven/shared/utils/StringUtils done
Event: 10.834 loading class org/apache/maven/shared/utils/StringUtils
Event: 10.834 loading class org/apache/maven/shared/utils/StringUtils done
Event: 10.837 loading class org/springframework/boot/maven/JarTypeFilter
Event: 10.837 loading class org/springframework/boot/maven/JarTypeFilter done
Event: 10.837 loading class org/springframework/boot/maven/JarTypeFilter
Event: 10.837 loading class org/springframework/boot/maven/JarTypeFilter done
Event: 10.848 Executing VM operation: G1CollectForAllocation


Dynamic libraries:
0x00007ff7763a0000 - 0x00007ff7763af000 	C:\Program Files\Java\jdk-11.0.13\bin\javaw.exe
0x00007ff9209d0000 - 0x00007ff920bc5000 	C:\Windows\SYSTEM32\ntdll.dll
0x00007ff91fb10000 - 0x00007ff91fbcd000 	C:\Windows\System32\KERNEL32.DLL
0x00007ff91e350000 - 0x00007ff91e61d000 	C:\Windows\System32\KERNELBASE.dll
0x00007ff91e6d0000 - 0x00007ff91e7d0000 	C:\Windows\System32\ucrtbase.dll
0x00007ff90acb0000 - 0x00007ff90acc5000 	C:\Program Files\Java\jdk-11.0.13\bin\VCRUNTIME140.dll
0x00007ff909590000 - 0x00007ff9095a8000 	C:\Program Files\Java\jdk-11.0.13\bin\jli.dll
0x00007ff920460000 - 0x00007ff92050e000 	C:\Windows\System32\ADVAPI32.dll
0x00007ff91fef0000 - 0x00007ff91ff8e000 	C:\Windows\System32\msvcrt.dll
0x00007ff91fd70000 - 0x00007ff91fe0c000 	C:\Windows\System32\sechost.dll
0x00007ff91f170000 - 0x00007ff91f295000 	C:\Windows\System32\RPCRT4.dll
0x00007ff9201e0000 - 0x00007ff920380000 	C:\Windows\System32\USER32.dll
0x00007ff91e7d0000 - 0x00007ff91e7f2000 	C:\Windows\System32\win32u.dll
0x00007ff91fae0000 - 0x00007ff91fb0a000 	C:\Windows\System32\GDI32.dll
0x00007ff91e240000 - 0x00007ff91e34b000 	C:\Windows\System32\gdi32full.dll
0x00007ff91e980000 - 0x00007ff91ea1d000 	C:\Windows\System32\msvcp_win.dll
0x00007ff9008a0000 - 0x00007ff900b3a000 	C:\Windows\WinSxS\amd64_microsoft.windows.common-controls_6595b64144ccf1df_6.0.19041.1110_none_60b5254171f9507e\COMCTL32.dll
0x00007ff915fc0000 - 0x00007ff915fca000 	C:\Windows\SYSTEM32\VERSION.dll
0x00007ff91f7b0000 - 0x00007ff91f7e0000 	C:\Windows\System32\IMM32.DLL
0x00007ff8f3010000 - 0x00007ff8f30ab000 	C:\Program Files\Java\jdk-11.0.13\bin\msvcp140.dll
0x00007ff8ef930000 - 0x00007ff8f0443000 	C:\Program Files\Java\jdk-11.0.13\bin\server\jvm.dll
0x00007ff920450000 - 0x00007ff920458000 	C:\Windows\System32\PSAPI.DLL
0x00007ff915300000 - 0x00007ff915309000 	C:\Windows\SYSTEM32\WSOCK32.dll
0x00007ff91fd00000 - 0x00007ff91fd6b000 	C:\Windows\System32\WS2_32.dll
0x00007ff8fa970000 - 0x00007ff8fa997000 	C:\Windows\SYSTEM32\WINMM.dll
0x00007ff91bfc0000 - 0x00007ff91bfd2000 	C:\Windows\SYSTEM32\kernel.appcore.dll
0x00007ff919ad0000 - 0x00007ff919ae0000 	C:\Program Files\Java\jdk-11.0.13\bin\verify.dll
0x00007ff910130000 - 0x00007ff910314000 	C:\Windows\SYSTEM32\DBGHELP.DLL
0x00007ff90f240000 - 0x00007ff90f26c000 	C:\Windows\SYSTEM32\dbgcore.DLL
0x00007ff91e8f0000 - 0x00007ff91e972000 	C:\Windows\System32\bcryptPrimitives.dll
0x00007ff8fcc70000 - 0x00007ff8fcc98000 	C:\Program Files\Java\jdk-11.0.13\bin\java.dll
0x00007ff916b00000 - 0x00007ff916b0a000 	C:\Program Files\Java\jdk-11.0.13\bin\jimage.dll
0x00007ff908a80000 - 0x00007ff908a96000 	C:\Program Files\Java\jdk-11.0.13\bin\zip.dll
0x00007ff91ea20000 - 0x00007ff91f164000 	C:\Windows\System32\SHELL32.dll
0x00007ff91c1c0000 - 0x00007ff91c954000 	C:\Windows\SYSTEM32\windows.storage.dll
0x00007ff91f2a0000 - 0x00007ff91f5f4000 	C:\Windows\System32\combase.dll
0x00007ff91d990000 - 0x00007ff91d9bc000 	C:\Windows\SYSTEM32\Wldp.dll
0x00007ff91ff90000 - 0x00007ff92003d000 	C:\Windows\System32\SHCORE.dll
0x00007ff9200a0000 - 0x00007ff9200f5000 	C:\Windows\System32\shlwapi.dll
0x00007ff91e020000 - 0x00007ff91e03f000 	C:\Windows\SYSTEM32\profapi.dll
0x00007ff9012f0000 - 0x00007ff901309000 	C:\Program Files\Java\jdk-11.0.13\bin\net.dll
0x00007ff916550000 - 0x00007ff91665a000 	C:\Windows\SYSTEM32\WINHTTP.dll
0x00007ff91d770000 - 0x00007ff91d7da000 	C:\Windows\system32\mswsock.dll
0x00007ff8fcc50000 - 0x00007ff8fcc62000 	C:\Program Files\Java\jdk-11.0.13\bin\nio.dll
0x0000000069ac0000 - 0x0000000069ae4000 	C:\Users\sfjbs\AppData\Local\Temp\jansi-2.4.0-e0d6afff93defc34-jansi.dll

dbghelp: loaded successfully - version: 4.0.5 - missing functions: none
symbol engine: initialized successfully - sym options: 0x614 - pdb path: .;C:\Program Files\Java\jdk-11.0.13\bin;C:\Windows\SYSTEM32;C:\Windows\WinSxS\amd64_microsoft.windows.common-controls_6595b64144ccf1df_6.0.19041.1110_none_60b5254171f9507e;C:\Program Files\Java\jdk-11.0.13\bin\server;C:\Users\sfjbs\AppData\Local\Temp

VM Arguments:
jvm_args: -Dmaven.home=EMBEDDED -Dclassworlds.conf=C:\Users\sfjbs\Documents\workspaceTCS\.metadata\.plugins\org.eclipse.m2e.launching\launches\m2conf5567334702263379019.tmp -Dmaven.multiModuleProjectDirectory=C:\Users\sfjbs\Documents\workspaceTCS\Project implementation\PensionerDetailMicroservice -Djansi.force=true -Djansi.passthrough=true -Dfile.encoding=Cp1252 
java_command: org.codehaus.plexus.classworlds.launcher.Launcher -B install -Dstyle.color=always
java_class_path (initial): C:\Users\sfjbs\Downloads\sts-4.14.1.RELEASE\plugins\org.eclipse.m2e.maven.runtime_1.18.3.20220227-1319\jars\plexus-classworlds-2.6.0.jar
Launcher Type: SUN_STANDARD

[Global flags]
     intx CICompilerCount                          = 2                                         {product} {ergonomic}
     uint ConcGCThreads                            = 1                                         {product} {ergonomic}
     uint G1ConcRefinementThreads                  = 2                                         {product} {ergonomic}
   size_t G1HeapRegionSize                         = 1048576                                   {product} {ergonomic}
    uintx GCDrainStackTargetSize                   = 64                                        {product} {ergonomic}
   size_t InitialHeapSize                          = 134217728                                 {product} {ergonomic}
   size_t MarkStackSize                            = 4194304                                   {product} {ergonomic}
   size_t MaxHeapSize                              = 2147483648                                {product} {ergonomic}
   size_t MaxNewSize                               = 1287651328                                {product} {ergonomic}
   size_t MinHeapDeltaBytes                        = 1048576                                   {product} {ergonomic}
    uintx NonNMethodCodeHeapSize                   = 5825164                                {pd product} {ergonomic}
    uintx NonProfiledCodeHeapSize                  = 122916538                              {pd product} {ergonomic}
    uintx ProfiledCodeHeapSize                     = 122916538                              {pd product} {ergonomic}
    uintx ReservedCodeCacheSize                    = 251658240                              {pd product} {ergonomic}
     bool SegmentedCodeCache                       = true                                      {product} {ergonomic}
     bool UseCompressedClassPointers               = true                                 {lp64_product} {ergonomic}
     bool UseCompressedOops                        = true                                 {lp64_product} {ergonomic}
     bool UseG1GC                                  = true                                      {product} {ergonomic}
     bool UseLargePagesIndividualAllocation        = false                                  {pd product} {ergonomic}

Logging:
Log output configuration:
 #0: stdout all=warning uptime,level,tags
 #1: stderr all=off uptime,level,tags

Environment Variables:
PATH=C:/Users/sfjbs/Downloads/sts-4.14.1.RELEASE//plugins/org.eclipse.justj.openjdk.hotspot.jre.full.win32.x86_64_17.0.2.v20220201-1208/jre/bin/server;C:/Users/sfjbs/Downloads/sts-4.14.1.RELEASE//plugins/org.eclipse.justj.openjdk.hotspot.jre.full.win32.x86_64_17.0.2.v20220201-1208/jre/bin;C:\Program Files\Common Files\Oracle\Java\javapath;C:\Windows\system32;C:\Windows;C:\Windows\System32\Wbem;C:\Windows\System32\WindowsPowerShell\v1.0\;C:\Windows\System32\OpenSSH\;C:\Users\sfjbs\Downloads\javamicro-20220514T174151Z-001\javamicro\apache-maven-3.8.5-bin\apache-maven-3.8.5\bin;C:\Users\sfjbs\Downloads\javamicro-20220514T174151Z-001\javamicro\apache-maven-3.8.5-bin\apache-maven-3.8.5\lib;C:\Program Files\Git\cmd;C:\Program Files\MySQL\MySQL Server 8.0\bin;;C:\Program Files\Docker\Docker\resources\bin;C:\ProgramData\DockerDesktop\version-bin;C:\Program Files\MySQL\MySQL Shell 8.0\bin\;C:\Users\sfjbs\AppData\Local\Microsoft\WindowsApps;C:\Users\sfjbs\Downloads\javamicro-20220514T174151Z-001\javamicro\apache-maven-3.8.5-bin\apache-maven-3.8.5\bin;C:\Users\sfjbs\Downloads\javamicro-20220514T174151Z-001\javamicro\apache-maven-3.8.5-bin\apache-maven-3.8.5\lib;;C:\Program Files\JetBrains\IntelliJ IDEA Community Edition 2021.3.3\bin;;C:\Users\sfjbs\Downloads\sts-4.14.1.RELEASE;
USERNAME=sfjbs
OS=Windows_NT
PROCESSOR_IDENTIFIER=Intel64 Family 6 Model 85 Stepping 4, GenuineIntel



---------------  S Y S T E M  ---------------

OS: Windows 10 , 64 bit Build 19041 (10.0.19041.1706)
Hyper-V role detected

CPU:total 2 (initial active 2) (1 cores per cpu, 2 threads per core) family 6 model 85 stepping 4 microcode 0xffffffff, cmov, cx8, fxsr, mmx, sse, sse2, sse3, ssse3, sse4.1, sse4.2, popcnt, avx, avx2, aes, clmul, erms, rtm, 3dnowpref, lzcnt, ht, tsc, bmi1, bmi2, adx, fma

Memory: 4k page, system-wide physical 8190M (565M free)
TotalPageFile size 10238M (AvailPageFile size 43M)
current process WorkingSet (physical memory assigned to process): 251M, peak: 251M
current process commit charge ("private bytes"): 282M, peak: 347M

vm_info: Java HotSpot(TM) 64-Bit Server VM (11.0.13+10-LTS-370) for windows-amd64 JRE (11.0.13+10-LTS-370), built on Sep 15 2021 22:10:36 by "mach5one" with MS VC++ 15.9 (VS2017)

END.
